[1.933s] Invoking command in '/ros2_ws/build/turtlesim': CMAKE_PREFIX_PATH=${CMAKE_PREFIX_PATH}:/ros2_ws/install/my_package:/opt/ros/humble /usr/bin/cmake --build /ros2_ws/build/turtlesim -- -j16 -l16
[3.225s] [  1%] Built target turtlesim__cpp
[3.899s] [ 11%] Built target turtlesim__rosidl_generator_c
[4.099s] [ 21%] Built target turtlesim__rosidl_typesupport_cpp
[4.273s] [ 31%] Built target turtlesim__rosidl_typesupport_introspection_cpp
[4.512s] [ 41%] Built target draw_square
[4.524s] [ 45%] Built target turtle_teleop_key
[4.528s] [ 45%] Built target turtlesim__rosidl_typesupport_fastrtps_cpp
[4.544s] [ 47%] Built target mimic
[4.849s] [ 63%] Built target turtlesim_node
[4.851s] [ 63%] Built target turtlesim__rosidl_typesupport_c
[5.054s] [ 73%] Built target turtlesim__rosidl_typesupport_introspection_c
[5.118s] [ 83%] Built target turtlesim__rosidl_typesupport_fastrtps_c
[5.265s] [ 83%] Built target ament_cmake_python_copy_turtlesim
[5.426s] [ 83%] Built target turtlesim
[5.852s] [ 84%] Built target turtlesim__py
[6.531s] [ 93%] Built target turtlesim__rosidl_generator_py
[6.803s] running egg_info
[6.807s] writing turtlesim.egg-info/PKG-INFO
[6.814s] writing dependency_links to turtlesim.egg-info/dependency_links.txt
[6.824s] writing top-level names to turtlesim.egg-info/top_level.txt
[6.850s] [ 95%] Built target turtlesim__rosidl_typesupport_fastrtps_c__pyext
[6.860s] [ 97%] Built target turtlesim__rosidl_typesupport_introspection_c__pyext
[6.909s] reading manifest file 'turtlesim.egg-info/SOURCES.txt'
[6.997s] [100%] Built target turtlesim__rosidl_typesupport_c__pyext
[7.003s] writing manifest file 'turtlesim.egg-info/SOURCES.txt'
[7.148s] [100%] Built target ament_cmake_python_build_turtlesim_egg
[7.896s] Invoked command in '/ros2_ws/build/turtlesim' returned '0': CMAKE_PREFIX_PATH=${CMAKE_PREFIX_PATH}:/ros2_ws/install/my_package:/opt/ros/humble /usr/bin/cmake --build /ros2_ws/build/turtlesim -- -j16 -l16
[14.594s] Invoking command in '/ros2_ws/build/turtlesim': CMAKE_PREFIX_PATH=${CMAKE_PREFIX_PATH}:/ros2_ws/install/my_package:/opt/ros/humble /usr/bin/cmake --install /ros2_ws/build/turtlesim
[14.715s] -- Install configuration: ""
[14.753s] -- Up-to-date: /ros2_ws/install/turtlesim/share/ament_index/resource_index/rosidl_interfaces/turtlesim
[14.770s] -- Up-to-date: /ros2_ws/install/turtlesim/include/turtlesim/turtlesim
[14.797s] -- Up-to-date: /ros2_ws/install/turtlesim/include/turtlesim/turtlesim/action
[14.828s] -- Up-to-date: /ros2_ws/install/turtlesim/include/turtlesim/turtlesim/action/detail
[14.928s] -- Up-to-date: /ros2_ws/install/turtlesim/include/turtlesim/turtlesim/action/detail/rotate_absolute__functions.c
[14.959s] -- Up-to-date: /ros2_ws/install/turtlesim/include/turtlesim/turtlesim/action/detail/rotate_absolute__functions.h
[14.997s] -- Up-to-date: /ros2_ws/install/turtlesim/include/turtlesim/turtlesim/action/detail/rotate_absolute__struct.h
[15.037s] -- Up-to-date: /ros2_ws/install/turtlesim/include/turtlesim/turtlesim/action/detail/rotate_absolute__type_support.h
[15.125s] -- Up-to-date: /ros2_ws/install/turtlesim/include/turtlesim/turtlesim/action/rotate_absolute.h
[15.147s] -- Up-to-date: /ros2_ws/install/turtlesim/include/turtlesim/turtlesim/msg
[15.187s] -- Up-to-date: /ros2_ws/install/turtlesim/include/turtlesim/turtlesim/msg/color.h
[15.213s] -- Up-to-date: /ros2_ws/install/turtlesim/include/turtlesim/turtlesim/msg/detail
[15.264s] -- Up-to-date: /ros2_ws/install/turtlesim/include/turtlesim/turtlesim/msg/detail/color__functions.c
[15.297s] -- Up-to-date: /ros2_ws/install/turtlesim/include/turtlesim/turtlesim/msg/detail/color__functions.h
[15.331s] -- Up-to-date: /ros2_ws/install/turtlesim/include/turtlesim/turtlesim/msg/detail/color__struct.h
[15.365s] -- Up-to-date: /ros2_ws/install/turtlesim/include/turtlesim/turtlesim/msg/detail/color__type_support.h
[15.457s] -- Up-to-date: /ros2_ws/install/turtlesim/include/turtlesim/turtlesim/msg/detail/pose__functions.c
[15.490s] -- Up-to-date: /ros2_ws/install/turtlesim/include/turtlesim/turtlesim/msg/detail/pose__functions.h
[15.523s] -- Up-to-date: /ros2_ws/install/turtlesim/include/turtlesim/turtlesim/msg/detail/pose__struct.h
[15.555s] -- Up-to-date: /ros2_ws/install/turtlesim/include/turtlesim/turtlesim/msg/detail/pose__type_support.h
[15.641s] -- Up-to-date: /ros2_ws/install/turtlesim/include/turtlesim/turtlesim/msg/pose.h
[15.669s] -- Up-to-date: /ros2_ws/install/turtlesim/include/turtlesim/turtlesim/msg/rosidl_generator_c__visibility_control.h
[15.687s] -- Up-to-date: /ros2_ws/install/turtlesim/include/turtlesim/turtlesim/srv
[15.717s] -- Up-to-date: /ros2_ws/install/turtlesim/include/turtlesim/turtlesim/srv/detail
[15.758s] -- Up-to-date: /ros2_ws/install/turtlesim/include/turtlesim/turtlesim/srv/detail/kill__functions.c
[15.791s] -- Up-to-date: /ros2_ws/install/turtlesim/include/turtlesim/turtlesim/srv/detail/kill__functions.h
[15.822s] -- Up-to-date: /ros2_ws/install/turtlesim/include/turtlesim/turtlesim/srv/detail/kill__struct.h
[15.854s] -- Up-to-date: /ros2_ws/install/turtlesim/include/turtlesim/turtlesim/srv/detail/kill__type_support.h
[15.938s] -- Up-to-date: /ros2_ws/install/turtlesim/include/turtlesim/turtlesim/srv/detail/set_pen__functions.c
[15.970s] -- Up-to-date: /ros2_ws/install/turtlesim/include/turtlesim/turtlesim/srv/detail/set_pen__functions.h
[16.002s] -- Up-to-date: /ros2_ws/install/turtlesim/include/turtlesim/turtlesim/srv/detail/set_pen__struct.h
[16.034s] -- Up-to-date: /ros2_ws/install/turtlesim/include/turtlesim/turtlesim/srv/detail/set_pen__type_support.h
[16.126s] -- Up-to-date: /ros2_ws/install/turtlesim/include/turtlesim/turtlesim/srv/detail/spawn__functions.c
[16.162s] -- Up-to-date: /ros2_ws/install/turtlesim/include/turtlesim/turtlesim/srv/detail/spawn__functions.h
[16.194s] -- Up-to-date: /ros2_ws/install/turtlesim/include/turtlesim/turtlesim/srv/detail/spawn__struct.h
[16.226s] -- Up-to-date: /ros2_ws/install/turtlesim/include/turtlesim/turtlesim/srv/detail/spawn__type_support.h
[16.319s] -- Up-to-date: /ros2_ws/install/turtlesim/include/turtlesim/turtlesim/srv/detail/teleport_absolute__functions.c
[16.348s] -- Up-to-date: /ros2_ws/install/turtlesim/include/turtlesim/turtlesim/srv/detail/teleport_absolute__functions.h
[16.381s] -- Up-to-date: /ros2_ws/install/turtlesim/include/turtlesim/turtlesim/srv/detail/teleport_absolute__struct.h
[16.414s] -- Up-to-date: /ros2_ws/install/turtlesim/include/turtlesim/turtlesim/srv/detail/teleport_absolute__type_support.h
[16.445s] -- Up-to-date: /ros2_ws/install/turtlesim/include/turtlesim/turtlesim/srv/detail/teleport_relative__functions.c
[16.505s] -- Up-to-date: /ros2_ws/install/turtlesim/include/turtlesim/turtlesim/srv/detail/teleport_relative__functions.h
[16.542s] -- Up-to-date: /ros2_ws/install/turtlesim/include/turtlesim/turtlesim/srv/detail/teleport_relative__struct.h
[16.577s] -- Up-to-date: /ros2_ws/install/turtlesim/include/turtlesim/turtlesim/srv/detail/teleport_relative__type_support.h
[16.604s] -- Up-to-date: /ros2_ws/install/turtlesim/include/turtlesim/turtlesim/srv/kill.h
[16.632s] -- Up-to-date: /ros2_ws/install/turtlesim/include/turtlesim/turtlesim/srv/set_pen.h
[16.657s] -- Up-to-date: /ros2_ws/install/turtlesim/include/turtlesim/turtlesim/srv/spawn.h
[16.682s] -- Up-to-date: /ros2_ws/install/turtlesim/include/turtlesim/turtlesim/srv/teleport_absolute.h
[16.705s] -- Up-to-date: /ros2_ws/install/turtlesim/include/turtlesim/turtlesim/srv/teleport_relative.h
[16.719s] -- Up-to-date: /ros2_ws/install/turtlesim/share/turtlesim/environment/library_path.sh
[16.736s] -- Up-to-date: /ros2_ws/install/turtlesim/share/turtlesim/environment/library_path.dsv
[16.768s] -- Up-to-date: /ros2_ws/install/turtlesim/lib/libturtlesim__rosidl_generator_c.so
[16.800s] -- Up-to-date: /ros2_ws/install/turtlesim/include/turtlesim/turtlesim
[16.818s] -- Up-to-date: /ros2_ws/install/turtlesim/include/turtlesim/turtlesim/action
[16.839s] -- Up-to-date: /ros2_ws/install/turtlesim/include/turtlesim/turtlesim/action/detail
[16.871s] -- Up-to-date: /ros2_ws/install/turtlesim/include/turtlesim/turtlesim/action/detail/rotate_absolute__rosidl_typesupport_fastrtps_c.h
[16.886s] -- Up-to-date: /ros2_ws/install/turtlesim/include/turtlesim/turtlesim/msg
[16.909s] -- Up-to-date: /ros2_ws/install/turtlesim/include/turtlesim/turtlesim/msg/detail
[17.002s] -- Up-to-date: /ros2_ws/install/turtlesim/include/turtlesim/turtlesim/msg/detail/color__rosidl_typesupport_fastrtps_c.h
[17.036s] -- Up-to-date: /ros2_ws/install/turtlesim/include/turtlesim/turtlesim/msg/detail/pose__rosidl_typesupport_fastrtps_c.h
[17.059s] -- Up-to-date: /ros2_ws/install/turtlesim/include/turtlesim/turtlesim/msg/rosidl_typesupport_fastrtps_c__visibility_control.h
[17.075s] -- Up-to-date: /ros2_ws/install/turtlesim/include/turtlesim/turtlesim/srv
[17.093s] -- Up-to-date: /ros2_ws/install/turtlesim/include/turtlesim/turtlesim/srv/detail
[17.123s] -- Up-to-date: /ros2_ws/install/turtlesim/include/turtlesim/turtlesim/srv/detail/kill__rosidl_typesupport_fastrtps_c.h
[17.144s] -- Up-to-date: /ros2_ws/install/turtlesim/include/turtlesim/turtlesim/srv/detail/set_pen__rosidl_typesupport_fastrtps_c.h
[17.166s] -- Up-to-date: /ros2_ws/install/turtlesim/include/turtlesim/turtlesim/srv/detail/spawn__rosidl_typesupport_fastrtps_c.h
[17.249s] -- Up-to-date: /ros2_ws/install/turtlesim/include/turtlesim/turtlesim/srv/detail/teleport_absolute__rosidl_typesupport_fastrtps_c.h
[17.273s] -- Up-to-date: /ros2_ws/install/turtlesim/include/turtlesim/turtlesim/srv/detail/teleport_relative__rosidl_typesupport_fastrtps_c.h
[17.361s] -- Up-to-date: /ros2_ws/install/turtlesim/lib/libturtlesim__rosidl_typesupport_fastrtps_c.so
[17.399s] -- Up-to-date: /ros2_ws/install/turtlesim/include/turtlesim/turtlesim
[17.420s] -- Up-to-date: /ros2_ws/install/turtlesim/include/turtlesim/turtlesim/action
[17.443s] -- Up-to-date: /ros2_ws/install/turtlesim/include/turtlesim/turtlesim/action/detail
[17.475s] -- Up-to-date: /ros2_ws/install/turtlesim/include/turtlesim/turtlesim/action/detail/rotate_absolute__builder.hpp
[17.499s] -- Up-to-date: /ros2_ws/install/turtlesim/include/turtlesim/turtlesim/action/detail/rotate_absolute__struct.hpp
[17.525s] -- Up-to-date: /ros2_ws/install/turtlesim/include/turtlesim/turtlesim/action/detail/rotate_absolute__traits.hpp
[17.604s] -- Up-to-date: /ros2_ws/install/turtlesim/include/turtlesim/turtlesim/action/rotate_absolute.hpp
[17.618s] -- Up-to-date: /ros2_ws/install/turtlesim/include/turtlesim/turtlesim/msg
[17.643s] -- Up-to-date: /ros2_ws/install/turtlesim/include/turtlesim/turtlesim/msg/color.hpp
[17.659s] -- Up-to-date: /ros2_ws/install/turtlesim/include/turtlesim/turtlesim/msg/detail
[17.692s] -- Up-to-date: /ros2_ws/install/turtlesim/include/turtlesim/turtlesim/msg/detail/color__builder.hpp
[17.714s] -- Up-to-date: /ros2_ws/install/turtlesim/include/turtlesim/turtlesim/msg/detail/color__struct.hpp
[17.734s] -- Up-to-date: /ros2_ws/install/turtlesim/include/turtlesim/turtlesim/msg/detail/color__traits.hpp
[17.756s] -- Up-to-date: /ros2_ws/install/turtlesim/include/turtlesim/turtlesim/msg/detail/pose__builder.hpp
[17.779s] -- Up-to-date: /ros2_ws/install/turtlesim/include/turtlesim/turtlesim/msg/detail/pose__struct.hpp
[17.801s] -- Up-to-date: /ros2_ws/install/turtlesim/include/turtlesim/turtlesim/msg/detail/pose__traits.hpp
[17.823s] -- Up-to-date: /ros2_ws/install/turtlesim/include/turtlesim/turtlesim/msg/pose.hpp
[17.836s] -- Up-to-date: /ros2_ws/install/turtlesim/include/turtlesim/turtlesim/srv
[17.873s] -- Up-to-date: /ros2_ws/install/turtlesim/include/turtlesim/turtlesim/srv/detail
[17.903s] -- Up-to-date: /ros2_ws/install/turtlesim/include/turtlesim/turtlesim/srv/detail/kill__builder.hpp
[17.929s] -- Up-to-date: /ros2_ws/install/turtlesim/include/turtlesim/turtlesim/srv/detail/kill__struct.hpp
[17.951s] -- Up-to-date: /ros2_ws/install/turtlesim/include/turtlesim/turtlesim/srv/detail/kill__traits.hpp
[17.973s] -- Up-to-date: /ros2_ws/install/turtlesim/include/turtlesim/turtlesim/srv/detail/set_pen__builder.hpp
[17.994s] -- Up-to-date: /ros2_ws/install/turtlesim/include/turtlesim/turtlesim/srv/detail/set_pen__struct.hpp
[18.016s] -- Up-to-date: /ros2_ws/install/turtlesim/include/turtlesim/turtlesim/srv/detail/set_pen__traits.hpp
[18.037s] -- Up-to-date: /ros2_ws/install/turtlesim/include/turtlesim/turtlesim/srv/detail/spawn__builder.hpp
[18.058s] -- Up-to-date: /ros2_ws/install/turtlesim/include/turtlesim/turtlesim/srv/detail/spawn__struct.hpp
[18.080s] -- Up-to-date: /ros2_ws/install/turtlesim/include/turtlesim/turtlesim/srv/detail/spawn__traits.hpp
[18.101s] -- Up-to-date: /ros2_ws/install/turtlesim/include/turtlesim/turtlesim/srv/detail/teleport_absolute__builder.hpp
[18.123s] -- Up-to-date: /ros2_ws/install/turtlesim/include/turtlesim/turtlesim/srv/detail/teleport_absolute__struct.hpp
[18.143s] -- Up-to-date: /ros2_ws/install/turtlesim/include/turtlesim/turtlesim/srv/detail/teleport_absolute__traits.hpp
[18.165s] -- Up-to-date: /ros2_ws/install/turtlesim/include/turtlesim/turtlesim/srv/detail/teleport_relative__builder.hpp
[18.188s] -- Up-to-date: /ros2_ws/install/turtlesim/include/turtlesim/turtlesim/srv/detail/teleport_relative__struct.hpp
[18.209s] -- Up-to-date: /ros2_ws/install/turtlesim/include/turtlesim/turtlesim/srv/detail/teleport_relative__traits.hpp
[18.228s] -- Up-to-date: /ros2_ws/install/turtlesim/include/turtlesim/turtlesim/srv/kill.hpp
[18.246s] -- Up-to-date: /ros2_ws/install/turtlesim/include/turtlesim/turtlesim/srv/set_pen.hpp
[18.263s] -- Up-to-date: /ros2_ws/install/turtlesim/include/turtlesim/turtlesim/srv/spawn.hpp
[18.283s] -- Up-to-date: /ros2_ws/install/turtlesim/include/turtlesim/turtlesim/srv/teleport_absolute.hpp
[18.300s] -- Up-to-date: /ros2_ws/install/turtlesim/include/turtlesim/turtlesim/srv/teleport_relative.hpp
[18.314s] -- Up-to-date: /ros2_ws/install/turtlesim/include/turtlesim/turtlesim
[18.331s] -- Up-to-date: /ros2_ws/install/turtlesim/include/turtlesim/turtlesim/action
[18.350s] -- Up-to-date: /ros2_ws/install/turtlesim/include/turtlesim/turtlesim/action/detail
[18.374s] -- Up-to-date: /ros2_ws/install/turtlesim/include/turtlesim/turtlesim/action/detail/dds_fastrtps
[18.414s] -- Up-to-date: /ros2_ws/install/turtlesim/include/turtlesim/turtlesim/action/detail/rotate_absolute__rosidl_typesupport_fastrtps_cpp.hpp
[18.432s] -- Up-to-date: /ros2_ws/install/turtlesim/include/turtlesim/turtlesim/msg
[18.456s] -- Up-to-date: /ros2_ws/install/turtlesim/include/turtlesim/turtlesim/msg/detail
[18.484s] -- Up-to-date: /ros2_ws/install/turtlesim/include/turtlesim/turtlesim/msg/detail/color__rosidl_typesupport_fastrtps_cpp.hpp
[18.503s] -- Up-to-date: /ros2_ws/install/turtlesim/include/turtlesim/turtlesim/msg/detail/dds_fastrtps
[18.536s] -- Up-to-date: /ros2_ws/install/turtlesim/include/turtlesim/turtlesim/msg/detail/pose__rosidl_typesupport_fastrtps_cpp.hpp
[18.559s] -- Up-to-date: /ros2_ws/install/turtlesim/include/turtlesim/turtlesim/msg/rosidl_typesupport_fastrtps_cpp__visibility_control.h
[18.572s] -- Up-to-date: /ros2_ws/install/turtlesim/include/turtlesim/turtlesim/srv
[18.595s] -- Up-to-date: /ros2_ws/install/turtlesim/include/turtlesim/turtlesim/srv/detail
[18.626s] -- Up-to-date: /ros2_ws/install/turtlesim/include/turtlesim/turtlesim/srv/detail/dds_fastrtps
[18.666s] -- Up-to-date: /ros2_ws/install/turtlesim/include/turtlesim/turtlesim/srv/detail/kill__rosidl_typesupport_fastrtps_cpp.hpp
[18.695s] -- Up-to-date: /ros2_ws/install/turtlesim/include/turtlesim/turtlesim/srv/detail/set_pen__rosidl_typesupport_fastrtps_cpp.hpp
[18.725s] -- Up-to-date: /ros2_ws/install/turtlesim/include/turtlesim/turtlesim/srv/detail/spawn__rosidl_typesupport_fastrtps_cpp.hpp
[18.749s] -- Up-to-date: /ros2_ws/install/turtlesim/include/turtlesim/turtlesim/srv/detail/teleport_absolute__rosidl_typesupport_fastrtps_cpp.hpp
[18.773s] -- Up-to-date: /ros2_ws/install/turtlesim/include/turtlesim/turtlesim/srv/detail/teleport_relative__rosidl_typesupport_fastrtps_cpp.hpp
[18.817s] -- Up-to-date: /ros2_ws/install/turtlesim/lib/libturtlesim__rosidl_typesupport_fastrtps_cpp.so
[18.859s] -- Up-to-date: /ros2_ws/install/turtlesim/include/turtlesim/turtlesim
[18.882s] -- Up-to-date: /ros2_ws/install/turtlesim/include/turtlesim/turtlesim/action
[18.908s] -- Up-to-date: /ros2_ws/install/turtlesim/include/turtlesim/turtlesim/action/detail
[18.946s] -- Up-to-date: /ros2_ws/install/turtlesim/include/turtlesim/turtlesim/action/detail/rotate_absolute__rosidl_typesupport_introspection_c.h
[19.033s] -- Up-to-date: /ros2_ws/install/turtlesim/include/turtlesim/turtlesim/action/detail/rotate_absolute__type_support.c
[19.051s] -- Up-to-date: /ros2_ws/install/turtlesim/include/turtlesim/turtlesim/msg
[19.078s] -- Up-to-date: /ros2_ws/install/turtlesim/include/turtlesim/turtlesim/msg/detail
[19.126s] -- Up-to-date: /ros2_ws/install/turtlesim/include/turtlesim/turtlesim/msg/detail/color__rosidl_typesupport_introspection_c.h
[19.158s] -- Up-to-date: /ros2_ws/install/turtlesim/include/turtlesim/turtlesim/msg/detail/color__type_support.c
[19.189s] -- Up-to-date: /ros2_ws/install/turtlesim/include/turtlesim/turtlesim/msg/detail/pose__rosidl_typesupport_introspection_c.h
[19.223s] -- Up-to-date: /ros2_ws/install/turtlesim/include/turtlesim/turtlesim/msg/detail/pose__type_support.c
[19.264s] -- Up-to-date: /ros2_ws/install/turtlesim/include/turtlesim/turtlesim/msg/rosidl_typesupport_introspection_c__visibility_control.h
[19.284s] -- Up-to-date: /ros2_ws/install/turtlesim/include/turtlesim/turtlesim/srv
[19.318s] -- Up-to-date: /ros2_ws/install/turtlesim/include/turtlesim/turtlesim/srv/detail
[19.360s] -- Up-to-date: /ros2_ws/install/turtlesim/include/turtlesim/turtlesim/srv/detail/kill__rosidl_typesupport_introspection_c.h
[19.391s] -- Up-to-date: /ros2_ws/install/turtlesim/include/turtlesim/turtlesim/srv/detail/kill__type_support.c
[19.425s] -- Up-to-date: /ros2_ws/install/turtlesim/include/turtlesim/turtlesim/srv/detail/set_pen__rosidl_typesupport_introspection_c.h
[19.458s] -- Up-to-date: /ros2_ws/install/turtlesim/include/turtlesim/turtlesim/srv/detail/set_pen__type_support.c
[19.487s] -- Up-to-date: /ros2_ws/install/turtlesim/include/turtlesim/turtlesim/srv/detail/spawn__rosidl_typesupport_introspection_c.h
[19.515s] -- Up-to-date: /ros2_ws/install/turtlesim/include/turtlesim/turtlesim/srv/detail/spawn__type_support.c
[19.602s] -- Up-to-date: /ros2_ws/install/turtlesim/include/turtlesim/turtlesim/srv/detail/teleport_absolute__rosidl_typesupport_introspection_c.h
[19.633s] -- Up-to-date: /ros2_ws/install/turtlesim/include/turtlesim/turtlesim/srv/detail/teleport_absolute__type_support.c
[19.659s] -- Up-to-date: /ros2_ws/install/turtlesim/include/turtlesim/turtlesim/srv/detail/teleport_relative__rosidl_typesupport_introspection_c.h
[19.688s] -- Up-to-date: /ros2_ws/install/turtlesim/include/turtlesim/turtlesim/srv/detail/teleport_relative__type_support.c
[19.733s] -- Up-to-date: /ros2_ws/install/turtlesim/lib/libturtlesim__rosidl_typesupport_introspection_c.so
[19.802s] -- Up-to-date: /ros2_ws/install/turtlesim/lib/libturtlesim__rosidl_typesupport_c.so
[19.848s] -- Up-to-date: /ros2_ws/install/turtlesim/include/turtlesim/turtlesim
[19.870s] -- Up-to-date: /ros2_ws/install/turtlesim/include/turtlesim/turtlesim/action
[19.899s] -- Up-to-date: /ros2_ws/install/turtlesim/include/turtlesim/turtlesim/action/detail
[19.997s] -- Up-to-date: /ros2_ws/install/turtlesim/include/turtlesim/turtlesim/action/detail/rotate_absolute__rosidl_typesupport_introspection_cpp.hpp
[20.027s] -- Up-to-date: /ros2_ws/install/turtlesim/include/turtlesim/turtlesim/action/detail/rotate_absolute__type_support.cpp
[20.047s] -- Up-to-date: /ros2_ws/install/turtlesim/include/turtlesim/turtlesim/msg
[20.075s] -- Up-to-date: /ros2_ws/install/turtlesim/include/turtlesim/turtlesim/msg/detail
[20.170s] -- Up-to-date: /ros2_ws/install/turtlesim/include/turtlesim/turtlesim/msg/detail/color__rosidl_typesupport_introspection_cpp.hpp
[20.207s] -- Up-to-date: /ros2_ws/install/turtlesim/include/turtlesim/turtlesim/msg/detail/color__type_support.cpp
[20.245s] -- Up-to-date: /ros2_ws/install/turtlesim/include/turtlesim/turtlesim/msg/detail/pose__rosidl_typesupport_introspection_cpp.hpp
[20.281s] -- Up-to-date: /ros2_ws/install/turtlesim/include/turtlesim/turtlesim/msg/detail/pose__type_support.cpp
[20.309s] -- Up-to-date: /ros2_ws/install/turtlesim/include/turtlesim/turtlesim/srv
[20.344s] -- Up-to-date: /ros2_ws/install/turtlesim/include/turtlesim/turtlesim/srv/detail
[20.456s] -- Up-to-date: /ros2_ws/install/turtlesim/include/turtlesim/turtlesim/srv/detail/kill__rosidl_typesupport_introspection_cpp.hpp
[20.495s] -- Up-to-date: /ros2_ws/install/turtlesim/include/turtlesim/turtlesim/srv/detail/kill__type_support.cpp
[20.536s] -- Up-to-date: /ros2_ws/install/turtlesim/include/turtlesim/turtlesim/srv/detail/set_pen__rosidl_typesupport_introspection_cpp.hpp
[20.580s] -- Up-to-date: /ros2_ws/install/turtlesim/include/turtlesim/turtlesim/srv/detail/set_pen__type_support.cpp
[20.625s] -- Up-to-date: /ros2_ws/install/turtlesim/include/turtlesim/turtlesim/srv/detail/spawn__rosidl_typesupport_introspection_cpp.hpp
[20.666s] -- Up-to-date: /ros2_ws/install/turtlesim/include/turtlesim/turtlesim/srv/detail/spawn__type_support.cpp
[20.703s] -- Up-to-date: /ros2_ws/install/turtlesim/include/turtlesim/turtlesim/srv/detail/teleport_absolute__rosidl_typesupport_introspection_cpp.hpp
[20.747s] -- Up-to-date: /ros2_ws/install/turtlesim/include/turtlesim/turtlesim/srv/detail/teleport_absolute__type_support.cpp
[20.787s] -- Up-to-date: /ros2_ws/install/turtlesim/include/turtlesim/turtlesim/srv/detail/teleport_relative__rosidl_typesupport_introspection_cpp.hpp
[20.826s] -- Up-to-date: /ros2_ws/install/turtlesim/include/turtlesim/turtlesim/srv/detail/teleport_relative__type_support.cpp
[20.888s] -- Up-to-date: /ros2_ws/install/turtlesim/lib/libturtlesim__rosidl_typesupport_introspection_cpp.so
[20.976s] -- Up-to-date: /ros2_ws/install/turtlesim/lib/libturtlesim__rosidl_typesupport_cpp.so
[21.042s] -- Up-to-date: /ros2_ws/install/turtlesim/share/turtlesim/environment/pythonpath.sh
[21.076s] -- Up-to-date: /ros2_ws/install/turtlesim/share/turtlesim/environment/pythonpath.dsv
[21.099s] -- Up-to-date: /ros2_ws/install/turtlesim/local/lib/python3.10/dist-packages/turtlesim-1.4.2-py3.10.egg-info
[21.147s] -- Installing: /ros2_ws/install/turtlesim/local/lib/python3.10/dist-packages/turtlesim-1.4.2-py3.10.egg-info/dependency_links.txt
[21.265s] -- Installing: /ros2_ws/install/turtlesim/local/lib/python3.10/dist-packages/turtlesim-1.4.2-py3.10.egg-info/PKG-INFO
[21.468s] -- Installing: /ros2_ws/install/turtlesim/local/lib/python3.10/dist-packages/turtlesim-1.4.2-py3.10.egg-info/SOURCES.txt
[21.673s] -- Installing: /ros2_ws/install/turtlesim/local/lib/python3.10/dist-packages/turtlesim-1.4.2-py3.10.egg-info/top_level.txt
[21.869s] -- Up-to-date: /ros2_ws/install/turtlesim/local/lib/python3.10/dist-packages/turtlesim
[21.904s] -- Up-to-date: /ros2_ws/install/turtlesim/local/lib/python3.10/dist-packages/turtlesim/action
[21.953s] -- Up-to-date: /ros2_ws/install/turtlesim/local/lib/python3.10/dist-packages/turtlesim/action/_rotate_absolute.py
[21.990s] -- Up-to-date: /ros2_ws/install/turtlesim/local/lib/python3.10/dist-packages/turtlesim/action/_rotate_absolute_s.c
[22.024s] -- Up-to-date: /ros2_ws/install/turtlesim/local/lib/python3.10/dist-packages/turtlesim/action/__init__.py
[22.052s] -- Up-to-date: /ros2_ws/install/turtlesim/local/lib/python3.10/dist-packages/turtlesim/libturtlesim__rosidl_generator_py.so
[22.077s] -- Up-to-date: /ros2_ws/install/turtlesim/local/lib/python3.10/dist-packages/turtlesim/msg
[22.122s] -- Up-to-date: /ros2_ws/install/turtlesim/local/lib/python3.10/dist-packages/turtlesim/msg/_color.py
[22.158s] -- Up-to-date: /ros2_ws/install/turtlesim/local/lib/python3.10/dist-packages/turtlesim/msg/_color_s.c
[22.189s] -- Up-to-date: /ros2_ws/install/turtlesim/local/lib/python3.10/dist-packages/turtlesim/msg/_pose.py
[22.218s] -- Up-to-date: /ros2_ws/install/turtlesim/local/lib/python3.10/dist-packages/turtlesim/msg/_pose_s.c
[22.247s] -- Up-to-date: /ros2_ws/install/turtlesim/local/lib/python3.10/dist-packages/turtlesim/msg/__init__.py
[22.269s] -- Up-to-date: /ros2_ws/install/turtlesim/local/lib/python3.10/dist-packages/turtlesim/srv
[22.336s] -- Up-to-date: /ros2_ws/install/turtlesim/local/lib/python3.10/dist-packages/turtlesim/srv/_kill.py
[22.415s] -- Up-to-date: /ros2_ws/install/turtlesim/local/lib/python3.10/dist-packages/turtlesim/srv/_kill_s.c
[22.453s] -- Up-to-date: /ros2_ws/install/turtlesim/local/lib/python3.10/dist-packages/turtlesim/srv/_set_pen.py
[22.487s] -- Up-to-date: /ros2_ws/install/turtlesim/local/lib/python3.10/dist-packages/turtlesim/srv/_set_pen_s.c
[22.519s] -- Up-to-date: /ros2_ws/install/turtlesim/local/lib/python3.10/dist-packages/turtlesim/srv/_spawn.py
[22.554s] -- Up-to-date: /ros2_ws/install/turtlesim/local/lib/python3.10/dist-packages/turtlesim/srv/_spawn_s.c
[22.588s] -- Up-to-date: /ros2_ws/install/turtlesim/local/lib/python3.10/dist-packages/turtlesim/srv/_teleport_absolute.py
[22.623s] -- Up-to-date: /ros2_ws/install/turtlesim/local/lib/python3.10/dist-packages/turtlesim/srv/_teleport_absolute_s.c
[22.657s] -- Up-to-date: /ros2_ws/install/turtlesim/local/lib/python3.10/dist-packages/turtlesim/srv/_teleport_relative.py
[22.690s] -- Up-to-date: /ros2_ws/install/turtlesim/local/lib/python3.10/dist-packages/turtlesim/srv/_teleport_relative_s.c
[22.722s] -- Up-to-date: /ros2_ws/install/turtlesim/local/lib/python3.10/dist-packages/turtlesim/srv/__init__.py
[22.756s] -- Up-to-date: /ros2_ws/install/turtlesim/local/lib/python3.10/dist-packages/turtlesim/turtlesim_s__rosidl_typesupport_c.cpython-310-x86_64-linux-gnu.so
[22.790s] -- Up-to-date: /ros2_ws/install/turtlesim/local/lib/python3.10/dist-packages/turtlesim/turtlesim_s__rosidl_typesupport_fastrtps_c.cpython-310-x86_64-linux-gnu.so
[22.822s] -- Up-to-date: /ros2_ws/install/turtlesim/local/lib/python3.10/dist-packages/turtlesim/turtlesim_s__rosidl_typesupport_introspection_c.cpython-310-x86_64-linux-gnu.so
[22.862s] -- Up-to-date: /ros2_ws/install/turtlesim/local/lib/python3.10/dist-packages/turtlesim/_turtlesim_s.ep.rosidl_typesupport_c.c
[22.902s] -- Up-to-date: /ros2_ws/install/turtlesim/local/lib/python3.10/dist-packages/turtlesim/_turtlesim_s.ep.rosidl_typesupport_fastrtps_c.c
[22.934s] -- Up-to-date: /ros2_ws/install/turtlesim/local/lib/python3.10/dist-packages/turtlesim/_turtlesim_s.ep.rosidl_typesupport_introspection_c.c
[22.965s] -- Up-to-date: /ros2_ws/install/turtlesim/local/lib/python3.10/dist-packages/turtlesim/__init__.py
[24.310s] Listing '/ros2_ws/install/turtlesim/local/lib/python3.10/dist-packages/turtlesim'...
[24.312s] Listing '/ros2_ws/install/turtlesim/local/lib/python3.10/dist-packages/turtlesim/action'...
[24.313s] Listing '/ros2_ws/install/turtlesim/local/lib/python3.10/dist-packages/turtlesim/msg'...
[24.314s] Listing '/ros2_ws/install/turtlesim/local/lib/python3.10/dist-packages/turtlesim/srv'...
[24.409s] -- Up-to-date: /ros2_ws/install/turtlesim/local/lib/python3.10/dist-packages/turtlesim/turtlesim_s__rosidl_typesupport_fastrtps_c.cpython-310-x86_64-linux-gnu.so
[24.608s] -- Up-to-date: /ros2_ws/install/turtlesim/local/lib/python3.10/dist-packages/turtlesim/turtlesim_s__rosidl_typesupport_introspection_c.cpython-310-x86_64-linux-gnu.so
[24.741s] -- Up-to-date: /ros2_ws/install/turtlesim/local/lib/python3.10/dist-packages/turtlesim/turtlesim_s__rosidl_typesupport_c.cpython-310-x86_64-linux-gnu.so
[24.846s] -- Up-to-date: /ros2_ws/install/turtlesim/lib/libturtlesim__rosidl_generator_py.so
[24.912s] -- Up-to-date: /ros2_ws/install/turtlesim/share/turtlesim/action/RotateAbsolute.idl
[24.942s] -- Up-to-date: /ros2_ws/install/turtlesim/share/turtlesim/msg/Color.idl
[24.979s] -- Up-to-date: /ros2_ws/install/turtlesim/share/turtlesim/msg/Pose.idl
[25.010s] -- Up-to-date: /ros2_ws/install/turtlesim/share/turtlesim/srv/Kill.idl
[25.044s] -- Up-to-date: /ros2_ws/install/turtlesim/share/turtlesim/srv/SetPen.idl
[25.077s] -- Up-to-date: /ros2_ws/install/turtlesim/share/turtlesim/srv/Spawn.idl
[25.110s] -- Up-to-date: /ros2_ws/install/turtlesim/share/turtlesim/srv/TeleportAbsolute.idl
[25.138s] -- Up-to-date: /ros2_ws/install/turtlesim/share/turtlesim/srv/TeleportRelative.idl
[25.171s] -- Up-to-date: /ros2_ws/install/turtlesim/share/turtlesim/action/RotateAbsolute.action
[25.200s] -- Up-to-date: /ros2_ws/install/turtlesim/share/turtlesim/msg/Color.msg
[25.229s] -- Up-to-date: /ros2_ws/install/turtlesim/share/turtlesim/msg/Pose.msg
[25.259s] -- Up-to-date: /ros2_ws/install/turtlesim/share/turtlesim/srv/Kill.srv
[25.283s] -- Up-to-date: /ros2_ws/install/turtlesim/share/turtlesim/srv/Kill_Request.msg
[25.310s] -- Up-to-date: /ros2_ws/install/turtlesim/share/turtlesim/srv/Kill_Response.msg
[25.343s] -- Up-to-date: /ros2_ws/install/turtlesim/share/turtlesim/srv/SetPen.srv
[25.368s] -- Up-to-date: /ros2_ws/install/turtlesim/share/turtlesim/srv/SetPen_Request.msg
[25.391s] -- Up-to-date: /ros2_ws/install/turtlesim/share/turtlesim/srv/SetPen_Response.msg
[25.424s] -- Up-to-date: /ros2_ws/install/turtlesim/share/turtlesim/srv/Spawn.srv
[25.459s] -- Up-to-date: /ros2_ws/install/turtlesim/share/turtlesim/srv/Spawn_Request.msg
[25.491s] -- Up-to-date: /ros2_ws/install/turtlesim/share/turtlesim/srv/Spawn_Response.msg
[25.526s] -- Up-to-date: /ros2_ws/install/turtlesim/share/turtlesim/srv/TeleportAbsolute.srv
[25.556s] -- Up-to-date: /ros2_ws/install/turtlesim/share/turtlesim/srv/TeleportAbsolute_Request.msg
[25.594s] -- Up-to-date: /ros2_ws/install/turtlesim/share/turtlesim/srv/TeleportAbsolute_Response.msg
[25.631s] -- Up-to-date: /ros2_ws/install/turtlesim/share/turtlesim/srv/TeleportRelative.srv
[25.668s] -- Up-to-date: /ros2_ws/install/turtlesim/share/turtlesim/srv/TeleportRelative_Request.msg
[25.702s] -- Up-to-date: /ros2_ws/install/turtlesim/share/turtlesim/srv/TeleportRelative_Response.msg
[25.768s] -- Up-to-date: /ros2_ws/install/turtlesim/lib/turtlesim/turtlesim_node
[25.892s] -- Up-to-date: /ros2_ws/install/turtlesim/lib/turtlesim/turtle_teleop_key
[25.981s] -- Up-to-date: /ros2_ws/install/turtlesim/lib/turtlesim/draw_square
[26.086s] -- Up-to-date: /ros2_ws/install/turtlesim/lib/turtlesim/mimic
[26.154s] -- Up-to-date: /ros2_ws/install/turtlesim/share/turtlesim/images
[26.195s] -- Up-to-date: /ros2_ws/install/turtlesim/share/turtlesim/images/ardent.png
[26.224s] -- Up-to-date: /ros2_ws/install/turtlesim/share/turtlesim/images/bouncy.png
[26.253s] -- Up-to-date: /ros2_ws/install/turtlesim/share/turtlesim/images/crystal.png
[26.283s] -- Up-to-date: /ros2_ws/install/turtlesim/share/turtlesim/images/dashing.png
[26.312s] -- Up-to-date: /ros2_ws/install/turtlesim/share/turtlesim/images/eloquent.png
[26.344s] -- Up-to-date: /ros2_ws/install/turtlesim/share/turtlesim/images/foxy.png
[26.375s] -- Up-to-date: /ros2_ws/install/turtlesim/share/turtlesim/images/galactic.png
[26.494s] -- Up-to-date: /ros2_ws/install/turtlesim/share/turtlesim/images/humble.png
[26.578s] -- Up-to-date: /ros2_ws/install/turtlesim/share/turtlesim/images/rolling.png
[26.600s] -- Up-to-date: /ros2_ws/install/turtlesim/share/turtlesim/launch
[26.638s] -- Up-to-date: /ros2_ws/install/turtlesim/share/turtlesim/launch/multisim.launch.py
[26.676s] -- Up-to-date: /ros2_ws/install/turtlesim/share/ament_index/resource_index/package_run_dependencies/turtlesim
[26.719s] -- Up-to-date: /ros2_ws/install/turtlesim/share/ament_index/resource_index/parent_prefix_path/turtlesim
[26.751s] -- Up-to-date: /ros2_ws/install/turtlesim/share/turtlesim/environment/ament_prefix_path.sh
[26.776s] -- Up-to-date: /ros2_ws/install/turtlesim/share/turtlesim/environment/ament_prefix_path.dsv
[26.795s] -- Up-to-date: /ros2_ws/install/turtlesim/share/turtlesim/environment/path.sh
[26.818s] -- Up-to-date: /ros2_ws/install/turtlesim/share/turtlesim/environment/path.dsv
[26.845s] -- Up-to-date: /ros2_ws/install/turtlesim/share/turtlesim/local_setup.bash
[26.877s] -- Up-to-date: /ros2_ws/install/turtlesim/share/turtlesim/local_setup.sh
[26.906s] -- Up-to-date: /ros2_ws/install/turtlesim/share/turtlesim/local_setup.zsh
[26.935s] -- Up-to-date: /ros2_ws/install/turtlesim/share/turtlesim/local_setup.dsv
[26.964s] -- Installing: /ros2_ws/install/turtlesim/share/turtlesim/package.dsv
[27.061s] -- Up-to-date: /ros2_ws/install/turtlesim/share/ament_index/resource_index/packages/turtlesim
[27.173s] -- Up-to-date: /ros2_ws/install/turtlesim/share/turtlesim/cmake/export_turtlesim__rosidl_generator_cExport.cmake
[27.213s] -- Up-to-date: /ros2_ws/install/turtlesim/share/turtlesim/cmake/export_turtlesim__rosidl_generator_cExport-noconfig.cmake
[27.271s] -- Up-to-date: /ros2_ws/install/turtlesim/share/turtlesim/cmake/export_turtlesim__rosidl_typesupport_fastrtps_cExport.cmake
[27.307s] -- Up-to-date: /ros2_ws/install/turtlesim/share/turtlesim/cmake/export_turtlesim__rosidl_typesupport_fastrtps_cExport-noconfig.cmake
[27.358s] -- Up-to-date: /ros2_ws/install/turtlesim/share/turtlesim/cmake/export_turtlesim__rosidl_generator_cppExport.cmake
[27.414s] -- Up-to-date: /ros2_ws/install/turtlesim/share/turtlesim/cmake/export_turtlesim__rosidl_typesupport_fastrtps_cppExport.cmake
[27.451s] -- Up-to-date: /ros2_ws/install/turtlesim/share/turtlesim/cmake/export_turtlesim__rosidl_typesupport_fastrtps_cppExport-noconfig.cmake
[27.504s] -- Up-to-date: /ros2_ws/install/turtlesim/share/turtlesim/cmake/turtlesim__rosidl_typesupport_introspection_cExport.cmake
[27.543s] -- Up-to-date: /ros2_ws/install/turtlesim/share/turtlesim/cmake/turtlesim__rosidl_typesupport_introspection_cExport-noconfig.cmake
[27.600s] -- Up-to-date: /ros2_ws/install/turtlesim/share/turtlesim/cmake/turtlesim__rosidl_typesupport_cExport.cmake
[27.638s] -- Up-to-date: /ros2_ws/install/turtlesim/share/turtlesim/cmake/turtlesim__rosidl_typesupport_cExport-noconfig.cmake
[27.694s] -- Up-to-date: /ros2_ws/install/turtlesim/share/turtlesim/cmake/turtlesim__rosidl_typesupport_introspection_cppExport.cmake
[27.731s] -- Up-to-date: /ros2_ws/install/turtlesim/share/turtlesim/cmake/turtlesim__rosidl_typesupport_introspection_cppExport-noconfig.cmake
[27.790s] -- Up-to-date: /ros2_ws/install/turtlesim/share/turtlesim/cmake/turtlesim__rosidl_typesupport_cppExport.cmake
[27.831s] -- Up-to-date: /ros2_ws/install/turtlesim/share/turtlesim/cmake/turtlesim__rosidl_typesupport_cppExport-noconfig.cmake
[27.898s] -- Up-to-date: /ros2_ws/install/turtlesim/share/turtlesim/cmake/export_turtlesim__rosidl_generator_pyExport.cmake
[27.938s] -- Up-to-date: /ros2_ws/install/turtlesim/share/turtlesim/cmake/export_turtlesim__rosidl_generator_pyExport-noconfig.cmake
[27.972s] -- Up-to-date: /ros2_ws/install/turtlesim/share/turtlesim/cmake/rosidl_cmake-extras.cmake
[28.002s] -- Up-to-date: /ros2_ws/install/turtlesim/share/turtlesim/cmake/ament_cmake_export_dependencies-extras.cmake
[28.033s] -- Up-to-date: /ros2_ws/install/turtlesim/share/turtlesim/cmake/ament_cmake_export_include_directories-extras.cmake
[28.057s] -- Up-to-date: /ros2_ws/install/turtlesim/share/turtlesim/cmake/ament_cmake_export_libraries-extras.cmake
[28.088s] -- Up-to-date: /ros2_ws/install/turtlesim/share/turtlesim/cmake/ament_cmake_export_targets-extras.cmake
[28.114s] -- Up-to-date: /ros2_ws/install/turtlesim/share/turtlesim/cmake/rosidl_cmake_export_typesupport_targets-extras.cmake
[28.140s] -- Up-to-date: /ros2_ws/install/turtlesim/share/turtlesim/cmake/rosidl_cmake_export_typesupport_libraries-extras.cmake
[28.167s] -- Up-to-date: /ros2_ws/install/turtlesim/share/turtlesim/cmake/turtlesimConfig.cmake
[28.192s] -- Up-to-date: /ros2_ws/install/turtlesim/share/turtlesim/cmake/turtlesimConfig-version.cmake
[28.221s] -- Up-to-date: /ros2_ws/install/turtlesim/share/turtlesim/package.xml
[28.244s] Invoked command in '/ros2_ws/build/turtlesim' returned '0': CMAKE_PREFIX_PATH=${CMAKE_PREFIX_PATH}:/ros2_ws/install/my_package:/opt/ros/humble /usr/bin/cmake --install /ros2_ws/build/turtlesim
