[5.007s] Invoking command in '/ros2_ws/my_package': PYTHONPATH=/ros2_ws/build/my_package/prefix_override:/usr/lib/python3/dist-packages/colcon_core/task/python/colcon_distutils_commands:/ros2_ws/install/my_package/lib/python3.10/site-packages:${PYTHONPATH} /usr/bin/python3 -W ignore:setup.py install is deprecated setup.py egg_info --egg-base ../build/my_package build --build-base /ros2_ws/build/my_package/build install --record /ros2_ws/build/my_package/install.log --single-version-externally-managed install_data
[6.682s] running egg_info
[6.688s] writing ../build/my_package/my_package.egg-info/PKG-INFO
[6.697s] writing dependency_links to ../build/my_package/my_package.egg-info/dependency_links.txt
[6.705s] writing entry points to ../build/my_package/my_package.egg-info/entry_points.txt
[6.711s] writing requirements to ../build/my_package/my_package.egg-info/requires.txt
[6.716s] writing top-level names to ../build/my_package/my_package.egg-info/top_level.txt
[6.763s] reading manifest file '../build/my_package/my_package.egg-info/SOURCES.txt'
[6.841s] adding license file 'LICENSE'
[6.875s] writing manifest file '../build/my_package/my_package.egg-info/SOURCES.txt'
[6.881s] running build
[6.884s] running build_py
[6.951s] running install
[6.953s] running install_lib
[7.088s] running install_data
[7.126s] running install_egg_info
[7.143s] removing '/ros2_ws/install/my_package/lib/python3.10/site-packages/my_package-0.0.0-py3.10.egg-info' (and everything under it)
[7.221s] Copying ../build/my_package/my_package.egg-info to /ros2_ws/install/my_package/lib/python3.10/site-packages/my_package-0.0.0-py3.10.egg-info
[7.498s] running install_scripts
[7.617s] Installing my_node script to /ros2_ws/install/my_package/lib/my_package
[7.633s] writing list of installed files to '/ros2_ws/build/my_package/install.log'
[7.742s] Invoked command in '/ros2_ws/my_package' returned '0': PYTHONPATH=/ros2_ws/build/my_package/prefix_override:/usr/lib/python3/dist-packages/colcon_core/task/python/colcon_distutils_commands:/ros2_ws/install/my_package/lib/python3.10/site-packages:${PYTHONPATH} /usr/bin/python3 -W ignore:setup.py install is deprecated setup.py egg_info --egg-base ../build/my_package build --build-base /ros2_ws/build/my_package/build install --record /ros2_ws/build/my_package/install.log --single-version-externally-managed install_data
