[1.930s] Invoking command in '/ros2_ws/build/my_package_cpp': CMAKE_PREFIX_PATH=${CMAKE_PREFIX_PATH}:/ros2_ws/install/my_package:/opt/ros/humble /usr/bin/cmake /ros2_ws/my_package_cpp -DCMAKE_INSTALL_PREFIX=/ros2_ws/install/my_package_cpp
[2.894s] -- The C compiler identification is GNU 11.4.0
[3.469s] -- The CXX compiler identification is GNU 11.4.0
[3.592s] -- Detecting C compiler ABI info
[5.007s] -- Detecting C compiler ABI info - done
[5.046s] -- Check for working C compiler: /usr/bin/cc - skipped
[5.048s] -- Detecting C compile features
[5.049s] -- Detecting C compile features - done
[5.140s] -- Detecting CXX compiler ABI info
[6.236s] -- Detecting CXX compiler ABI info - done
[6.274s] -- Check for working CXX compiler: /usr/bin/c++ - skipped
[6.275s] -- Detecting CXX compile features
[6.277s] -- Detecting CXX compile features - done
[6.469s] -- Found ament_cmake: 1.3.9 (/opt/ros/humble/share/ament_cmake/cmake)
[8.292s] -- Found Python3: /usr/bin/python3 (found version "3.10.12") found components: Interpreter 
[10.271s] -- Found ament_lint_auto: 0.12.11 (/opt/ros/humble/share/ament_lint_auto/cmake)
[11.997s] -- Added test 'cppcheck' to perform static code analysis on C / C++ code
[11.999s] -- Configured cppcheck include dirs: $<BUILD_INTERFACE:/ros2_ws/my_package_cpp/include>
[12.000s] -- Configured cppcheck exclude dirs and/or files: 
[12.116s] -- Added test 'lint_cmake' to check CMake code style
[12.432s] -- Added test 'uncrustify' to check C / C++ code style
[12.433s] -- Configured uncrustify additional arguments: 
[12.535s] -- Added test 'xmllint' to check XML markup files
[12.706s] -- Configuring done
[13.208s] -- Generating done
[13.332s] -- Build files have been written to: /ros2_ws/build/my_package_cpp
[13.338s] Invoked command in '/ros2_ws/build/my_package_cpp' returned '0': CMAKE_PREFIX_PATH=${CMAKE_PREFIX_PATH}:/ros2_ws/install/my_package:/opt/ros/humble /usr/bin/cmake /ros2_ws/my_package_cpp -DCMAKE_INSTALL_PREFIX=/ros2_ws/install/my_package_cpp
[13.406s] Invoking command in '/ros2_ws/build/my_package_cpp': CMAKE_PREFIX_PATH=${CMAKE_PREFIX_PATH}:/ros2_ws/install/my_package:/opt/ros/humble /usr/bin/cmake --build /ros2_ws/build/my_package_cpp -- -j16 -l16
[13.883s] [ 50%] [32mBuilding CXX object CMakeFiles/my_node.dir/src/my_node.cpp.o[0m
[14.127s] [100%] [32m[1mLinking CXX executable my_node[0m
[14.415s] [100%] Built target my_node
[14.484s] Invoked command in '/ros2_ws/build/my_package_cpp' returned '0': CMAKE_PREFIX_PATH=${CMAKE_PREFIX_PATH}:/ros2_ws/install/my_package:/opt/ros/humble /usr/bin/cmake --build /ros2_ws/build/my_package_cpp -- -j16 -l16
[14.929s] Invoking command in '/ros2_ws/build/my_package_cpp': CMAKE_PREFIX_PATH=${CMAKE_PREFIX_PATH}:/ros2_ws/install/my_package:/opt/ros/humble /usr/bin/cmake --install /ros2_ws/build/my_package_cpp
[15.006s] -- Install configuration: ""
[15.027s] -- Installing: /ros2_ws/install/my_package_cpp/lib/my_package_cpp/my_node
[15.140s] -- Installing: /ros2_ws/install/my_package_cpp/share/ament_index/resource_index/package_run_dependencies/my_package_cpp
[15.285s] -- Installing: /ros2_ws/install/my_package_cpp/share/ament_index/resource_index/parent_prefix_path/my_package_cpp
[15.400s] -- Installing: /ros2_ws/install/my_package_cpp/share/my_package_cpp/environment/ament_prefix_path.sh
[15.478s] -- Installing: /ros2_ws/install/my_package_cpp/share/my_package_cpp/environment/ament_prefix_path.dsv
[15.556s] -- Installing: /ros2_ws/install/my_package_cpp/share/my_package_cpp/environment/path.sh
[15.628s] -- Installing: /ros2_ws/install/my_package_cpp/share/my_package_cpp/environment/path.dsv
[15.704s] -- Installing: /ros2_ws/install/my_package_cpp/share/my_package_cpp/local_setup.bash
[15.770s] -- Installing: /ros2_ws/install/my_package_cpp/share/my_package_cpp/local_setup.sh
[15.835s] -- Installing: /ros2_ws/install/my_package_cpp/share/my_package_cpp/local_setup.zsh
[15.903s] -- Installing: /ros2_ws/install/my_package_cpp/share/my_package_cpp/local_setup.dsv
[15.968s] -- Installing: /ros2_ws/install/my_package_cpp/share/my_package_cpp/package.dsv
[16.062s] -- Installing: /ros2_ws/install/my_package_cpp/share/ament_index/resource_index/packages/my_package_cpp
[16.163s] -- Installing: /ros2_ws/install/my_package_cpp/share/my_package_cpp/cmake/my_package_cppConfig.cmake
[16.245s] -- Installing: /ros2_ws/install/my_package_cpp/share/my_package_cpp/cmake/my_package_cppConfig-version.cmake
[16.320s] -- Installing: /ros2_ws/install/my_package_cpp/share/my_package_cpp/package.xml
[16.375s] Invoked command in '/ros2_ws/build/my_package_cpp' returned '0': CMAKE_PREFIX_PATH=${CMAKE_PREFIX_PATH}:/ros2_ws/install/my_package:/opt/ros/humble /usr/bin/cmake --install /ros2_ws/build/my_package_cpp
