[1.868s] Invoking command in '/ros2_ws/my_package': PYTHONPATH=/ros2_ws/build/my_package/prefix_override:/usr/lib/python3/dist-packages/colcon_core/task/python/colcon_distutils_commands:/ros2_ws/install/my_package/lib/python3.10/site-packages:${PYTHONPATH} /usr/bin/python3 -W ignore:setup.py install is deprecated setup.py egg_info --egg-base ../build/my_package build --build-base /ros2_ws/build/my_package/build install --record /ros2_ws/build/my_package/install.log --single-version-externally-managed install_data
[2.664s] running egg_info
[2.668s] writing ../build/my_package/my_package.egg-info/PKG-INFO
[2.673s] writing dependency_links to ../build/my_package/my_package.egg-info/dependency_links.txt
[2.677s] writing entry points to ../build/my_package/my_package.egg-info/entry_points.txt
[2.680s] writing requirements to ../build/my_package/my_package.egg-info/requires.txt
[2.683s] writing top-level names to ../build/my_package/my_package.egg-info/top_level.txt
[2.706s] reading manifest file '../build/my_package/my_package.egg-info/SOURCES.txt'
[2.737s] adding license file 'LICENSE'
[2.752s] writing manifest file '../build/my_package/my_package.egg-info/SOURCES.txt'
[2.755s] running build
[2.755s] running build_py
[2.775s] running install
[2.776s] running install_lib
[2.838s] running install_data
[2.855s] running install_egg_info
[2.865s] removing '/ros2_ws/install/my_package/lib/python3.10/site-packages/my_package-0.0.0-py3.10.egg-info' (and everything under it)
[2.904s] Copying ../build/my_package/my_package.egg-info to /ros2_ws/install/my_package/lib/python3.10/site-packages/my_package-0.0.0-py3.10.egg-info
[3.067s] running install_scripts
[3.137s] Installing my_node script to /ros2_ws/install/my_package/lib/my_package
[3.145s] writing list of installed files to '/ros2_ws/build/my_package/install.log'
[3.174s] Invoked command in '/ros2_ws/my_package' returned '0': PYTHONPATH=/ros2_ws/build/my_package/prefix_override:/usr/lib/python3/dist-packages/colcon_core/task/python/colcon_distutils_commands:/ros2_ws/install/my_package/lib/python3.10/site-packages:${PYTHONPATH} /usr/bin/python3 -W ignore:setup.py install is deprecated setup.py egg_info --egg-base ../build/my_package build --build-base /ros2_ws/build/my_package/build install --record /ros2_ws/build/my_package/install.log --single-version-externally-managed install_data
