[1.506s] Invoking command in '/ros2_ws/build/turtlesim': CMAKE_PREFIX_PATH=${CMAKE_PREFIX_PATH}:/opt/ros/humble /usr/bin/cmake --build /ros2_ws/build/turtlesim -- -j16 -l16
[2.880s] [35m[1mConsolidate compiler generated dependencies of target turtlesim__rosidl_generator_c[0m
[2.895s] [  1%] Built target turtlesim__cpp
[3.236s] [35m[1mConsolidate compiler generated dependencies of target turtlesim__rosidl_typesupport_cpp[0m
[3.348s] [35m[1mConsolidate compiler generated dependencies of target turtlesim__rosidl_typesupport_introspection_cpp[0m
[3.485s] [35m[1mConsolidate compiler generated dependencies of target turtlesim__rosidl_typesupport_fastrtps_cpp[0m
[3.758s] [ 11%] Built target turtlesim__rosidl_generator_c
[4.169s] [35m[1mConsolidate compiler generated dependencies of target turtlesim__rosidl_typesupport_c[0m
[4.305s] [35m[1mConsolidate compiler generated dependencies of target turtlesim__rosidl_typesupport_introspection_c[0m
[4.370s] [35m[1mConsolidate compiler generated dependencies of target turtlesim__rosidl_typesupport_fastrtps_c[0m
[4.705s] [ 21%] Built target turtlesim__rosidl_typesupport_cpp
[4.732s] [ 22%] Built target ament_cmake_python_copy_turtlesim
[4.794s] [ 31%] Built target turtlesim__rosidl_typesupport_introspection_cpp
[4.843s] [35m[1mConsolidate compiler generated dependencies of target turtle_teleop_key[0m
[4.845s] [35m[1mConsolidate compiler generated dependencies of target draw_square[0m
[4.854s] [35m[1mConsolidate compiler generated dependencies of target mimic[0m
[4.876s] [ 41%] Built target turtlesim__rosidl_typesupport_c
[4.910s] [35m[1mConsolidate compiler generated dependencies of target turtlesim_node[0m
[5.262s] [ 53%] Built target turtlesim__rosidl_typesupport_introspection_c
[5.306s] [ 61%] Built target turtlesim__rosidl_typesupport_fastrtps_cpp
[5.909s] [ 63%] Built target draw_square
[5.929s] [ 65%] Built target mimic
[6.024s] [ 68%] Built target turtle_teleop_key
[6.077s] [ 77%] Built target turtlesim__rosidl_typesupport_fastrtps_c
[6.212s] running egg_info
[6.217s] writing turtlesim.egg-info/PKG-INFO
[6.225s] writing dependency_links to turtlesim.egg-info/dependency_links.txt
[6.296s] writing top-level names to turtlesim.egg-info/top_level.txt
[6.314s] reading manifest file 'turtlesim.egg-info/SOURCES.txt'
[6.382s] writing manifest file 'turtlesim.egg-info/SOURCES.txt'
[6.493s] [ 77%] Built target ament_cmake_python_build_turtlesim_egg
[6.507s] [ 77%] Built target turtlesim
[7.001s] [ 83%] Built target turtlesim_node
[7.058s] [ 84%] Built target turtlesim__py
[7.364s] [35m[1mConsolidate compiler generated dependencies of target turtlesim__rosidl_generator_py[0m
[8.550s] [ 93%] Built target turtlesim__rosidl_generator_py
[8.640s] [35m[1mConsolidate compiler generated dependencies of target turtlesim__rosidl_typesupport_c__pyext[0m
[8.642s] [35m[1mConsolidate compiler generated dependencies of target turtlesim__rosidl_typesupport_introspection_c__pyext[0m
[8.708s] [35m[1mConsolidate compiler generated dependencies of target turtlesim__rosidl_typesupport_fastrtps_c__pyext[0m
[9.066s] [ 95%] Built target turtlesim__rosidl_typesupport_introspection_c__pyext
[9.082s] [ 97%] Built target turtlesim__rosidl_typesupport_c__pyext
[9.375s] [100%] Built target turtlesim__rosidl_typesupport_fastrtps_c__pyext
[10.003s] Invoked command in '/ros2_ws/build/turtlesim' returned '0': CMAKE_PREFIX_PATH=${CMAKE_PREFIX_PATH}:/opt/ros/humble /usr/bin/cmake --build /ros2_ws/build/turtlesim -- -j16 -l16
[21.786s] Invoking command in '/ros2_ws/build/turtlesim': CMAKE_PREFIX_PATH=${CMAKE_PREFIX_PATH}:/opt/ros/humble /usr/bin/cmake --install /ros2_ws/build/turtlesim
[21.990s] -- Install configuration: ""
[22.039s] -- Up-to-date: /ros2_ws/install/turtlesim/share/ament_index/resource_index/rosidl_interfaces/turtlesim
[22.070s] -- Up-to-date: /ros2_ws/install/turtlesim/include/turtlesim/turtlesim
[22.108s] -- Up-to-date: /ros2_ws/install/turtlesim/include/turtlesim/turtlesim/action
[22.159s] -- Up-to-date: /ros2_ws/install/turtlesim/include/turtlesim/turtlesim/action/detail
[22.222s] -- Up-to-date: /ros2_ws/install/turtlesim/include/turtlesim/turtlesim/action/detail/rotate_absolute__functions.c
[22.267s] -- Up-to-date: /ros2_ws/install/turtlesim/include/turtlesim/turtlesim/action/detail/rotate_absolute__functions.h
[22.314s] -- Up-to-date: /ros2_ws/install/turtlesim/include/turtlesim/turtlesim/action/detail/rotate_absolute__struct.h
[22.365s] -- Up-to-date: /ros2_ws/install/turtlesim/include/turtlesim/turtlesim/action/detail/rotate_absolute__type_support.h
[22.410s] -- Up-to-date: /ros2_ws/install/turtlesim/include/turtlesim/turtlesim/action/rotate_absolute.h
[22.435s] -- Up-to-date: /ros2_ws/install/turtlesim/include/turtlesim/turtlesim/msg
[22.477s] -- Up-to-date: /ros2_ws/install/turtlesim/include/turtlesim/turtlesim/msg/color.h
[22.504s] -- Up-to-date: /ros2_ws/install/turtlesim/include/turtlesim/turtlesim/msg/detail
[22.552s] -- Up-to-date: /ros2_ws/install/turtlesim/include/turtlesim/turtlesim/msg/detail/color__functions.c
[22.591s] -- Up-to-date: /ros2_ws/install/turtlesim/include/turtlesim/turtlesim/msg/detail/color__functions.h
[22.630s] -- Up-to-date: /ros2_ws/install/turtlesim/include/turtlesim/turtlesim/msg/detail/color__struct.h
[22.670s] -- Up-to-date: /ros2_ws/install/turtlesim/include/turtlesim/turtlesim/msg/detail/color__type_support.h
[22.707s] -- Up-to-date: /ros2_ws/install/turtlesim/include/turtlesim/turtlesim/msg/detail/pose__functions.c
[22.746s] -- Up-to-date: /ros2_ws/install/turtlesim/include/turtlesim/turtlesim/msg/detail/pose__functions.h
[22.786s] -- Up-to-date: /ros2_ws/install/turtlesim/include/turtlesim/turtlesim/msg/detail/pose__struct.h
[22.825s] -- Up-to-date: /ros2_ws/install/turtlesim/include/turtlesim/turtlesim/msg/detail/pose__type_support.h
[22.869s] -- Up-to-date: /ros2_ws/install/turtlesim/include/turtlesim/turtlesim/msg/pose.h
[22.908s] -- Up-to-date: /ros2_ws/install/turtlesim/include/turtlesim/turtlesim/msg/rosidl_generator_c__visibility_control.h
[22.940s] -- Up-to-date: /ros2_ws/install/turtlesim/include/turtlesim/turtlesim/srv
[22.994s] -- Up-to-date: /ros2_ws/install/turtlesim/include/turtlesim/turtlesim/srv/detail
[23.057s] -- Up-to-date: /ros2_ws/install/turtlesim/include/turtlesim/turtlesim/srv/detail/kill__functions.c
[23.103s] -- Up-to-date: /ros2_ws/install/turtlesim/include/turtlesim/turtlesim/srv/detail/kill__functions.h
[23.135s] -- Up-to-date: /ros2_ws/install/turtlesim/include/turtlesim/turtlesim/srv/detail/kill__struct.h
[23.168s] -- Up-to-date: /ros2_ws/install/turtlesim/include/turtlesim/turtlesim/srv/detail/kill__type_support.h
[23.197s] -- Up-to-date: /ros2_ws/install/turtlesim/include/turtlesim/turtlesim/srv/detail/set_pen__functions.c
[23.225s] -- Up-to-date: /ros2_ws/install/turtlesim/include/turtlesim/turtlesim/srv/detail/set_pen__functions.h
[23.256s] -- Up-to-date: /ros2_ws/install/turtlesim/include/turtlesim/turtlesim/srv/detail/set_pen__struct.h
[23.283s] -- Up-to-date: /ros2_ws/install/turtlesim/include/turtlesim/turtlesim/srv/detail/set_pen__type_support.h
[23.315s] -- Up-to-date: /ros2_ws/install/turtlesim/include/turtlesim/turtlesim/srv/detail/spawn__functions.c
[23.345s] -- Up-to-date: /ros2_ws/install/turtlesim/include/turtlesim/turtlesim/srv/detail/spawn__functions.h
[23.375s] -- Up-to-date: /ros2_ws/install/turtlesim/include/turtlesim/turtlesim/srv/detail/spawn__struct.h
[23.409s] -- Up-to-date: /ros2_ws/install/turtlesim/include/turtlesim/turtlesim/srv/detail/spawn__type_support.h
[23.448s] -- Up-to-date: /ros2_ws/install/turtlesim/include/turtlesim/turtlesim/srv/detail/teleport_absolute__functions.c
[23.485s] -- Up-to-date: /ros2_ws/install/turtlesim/include/turtlesim/turtlesim/srv/detail/teleport_absolute__functions.h
[23.521s] -- Up-to-date: /ros2_ws/install/turtlesim/include/turtlesim/turtlesim/srv/detail/teleport_absolute__struct.h
[23.560s] -- Up-to-date: /ros2_ws/install/turtlesim/include/turtlesim/turtlesim/srv/detail/teleport_absolute__type_support.h
[23.605s] -- Up-to-date: /ros2_ws/install/turtlesim/include/turtlesim/turtlesim/srv/detail/teleport_relative__functions.c
[23.643s] -- Up-to-date: /ros2_ws/install/turtlesim/include/turtlesim/turtlesim/srv/detail/teleport_relative__functions.h
[23.713s] -- Up-to-date: /ros2_ws/install/turtlesim/include/turtlesim/turtlesim/srv/detail/teleport_relative__struct.h
[23.743s] -- Up-to-date: /ros2_ws/install/turtlesim/include/turtlesim/turtlesim/srv/detail/teleport_relative__type_support.h
[23.809s] -- Up-to-date: /ros2_ws/install/turtlesim/include/turtlesim/turtlesim/srv/kill.h
[23.843s] -- Up-to-date: /ros2_ws/install/turtlesim/include/turtlesim/turtlesim/srv/set_pen.h
[23.872s] -- Up-to-date: /ros2_ws/install/turtlesim/include/turtlesim/turtlesim/srv/spawn.h
[23.911s] -- Up-to-date: /ros2_ws/install/turtlesim/include/turtlesim/turtlesim/srv/teleport_absolute.h
[23.941s] -- Up-to-date: /ros2_ws/install/turtlesim/include/turtlesim/turtlesim/srv/teleport_relative.h
[23.967s] -- Up-to-date: /ros2_ws/install/turtlesim/share/turtlesim/environment/library_path.sh
[23.996s] -- Up-to-date: /ros2_ws/install/turtlesim/share/turtlesim/environment/library_path.dsv
[24.047s] -- Up-to-date: /ros2_ws/install/turtlesim/lib/libturtlesim__rosidl_generator_c.so
[24.106s] -- Up-to-date: /ros2_ws/install/turtlesim/include/turtlesim/turtlesim
[24.133s] -- Up-to-date: /ros2_ws/install/turtlesim/include/turtlesim/turtlesim/action
[24.167s] -- Up-to-date: /ros2_ws/install/turtlesim/include/turtlesim/turtlesim/action/detail
[24.212s] -- Up-to-date: /ros2_ws/install/turtlesim/include/turtlesim/turtlesim/action/detail/rotate_absolute__rosidl_typesupport_fastrtps_c.h
[24.236s] -- Up-to-date: /ros2_ws/install/turtlesim/include/turtlesim/turtlesim/msg
[24.270s] -- Up-to-date: /ros2_ws/install/turtlesim/include/turtlesim/turtlesim/msg/detail
[24.318s] -- Up-to-date: /ros2_ws/install/turtlesim/include/turtlesim/turtlesim/msg/detail/color__rosidl_typesupport_fastrtps_c.h
[24.352s] -- Up-to-date: /ros2_ws/install/turtlesim/include/turtlesim/turtlesim/msg/detail/pose__rosidl_typesupport_fastrtps_c.h
[24.380s] -- Up-to-date: /ros2_ws/install/turtlesim/include/turtlesim/turtlesim/msg/rosidl_typesupport_fastrtps_c__visibility_control.h
[24.405s] -- Up-to-date: /ros2_ws/install/turtlesim/include/turtlesim/turtlesim/srv
[24.434s] -- Up-to-date: /ros2_ws/install/turtlesim/include/turtlesim/turtlesim/srv/detail
[24.480s] -- Up-to-date: /ros2_ws/install/turtlesim/include/turtlesim/turtlesim/srv/detail/kill__rosidl_typesupport_fastrtps_c.h
[24.519s] -- Up-to-date: /ros2_ws/install/turtlesim/include/turtlesim/turtlesim/srv/detail/set_pen__rosidl_typesupport_fastrtps_c.h
[24.553s] -- Up-to-date: /ros2_ws/install/turtlesim/include/turtlesim/turtlesim/srv/detail/spawn__rosidl_typesupport_fastrtps_c.h
[24.587s] -- Up-to-date: /ros2_ws/install/turtlesim/include/turtlesim/turtlesim/srv/detail/teleport_absolute__rosidl_typesupport_fastrtps_c.h
[24.621s] -- Up-to-date: /ros2_ws/install/turtlesim/include/turtlesim/turtlesim/srv/detail/teleport_relative__rosidl_typesupport_fastrtps_c.h
[24.683s] -- Up-to-date: /ros2_ws/install/turtlesim/lib/libturtlesim__rosidl_typesupport_fastrtps_c.so
[24.737s] -- Up-to-date: /ros2_ws/install/turtlesim/include/turtlesim/turtlesim
[24.764s] -- Up-to-date: /ros2_ws/install/turtlesim/include/turtlesim/turtlesim/action
[24.793s] -- Up-to-date: /ros2_ws/install/turtlesim/include/turtlesim/turtlesim/action/detail
[24.836s] -- Up-to-date: /ros2_ws/install/turtlesim/include/turtlesim/turtlesim/action/detail/rotate_absolute__builder.hpp
[24.870s] -- Up-to-date: /ros2_ws/install/turtlesim/include/turtlesim/turtlesim/action/detail/rotate_absolute__struct.hpp
[24.896s] -- Up-to-date: /ros2_ws/install/turtlesim/include/turtlesim/turtlesim/action/detail/rotate_absolute__traits.hpp
[24.921s] -- Up-to-date: /ros2_ws/install/turtlesim/include/turtlesim/turtlesim/action/rotate_absolute.hpp
[24.940s] -- Up-to-date: /ros2_ws/install/turtlesim/include/turtlesim/turtlesim/msg
[24.972s] -- Up-to-date: /ros2_ws/install/turtlesim/include/turtlesim/turtlesim/msg/color.hpp
[24.991s] -- Up-to-date: /ros2_ws/install/turtlesim/include/turtlesim/turtlesim/msg/detail
[25.028s] -- Up-to-date: /ros2_ws/install/turtlesim/include/turtlesim/turtlesim/msg/detail/color__builder.hpp
[25.057s] -- Up-to-date: /ros2_ws/install/turtlesim/include/turtlesim/turtlesim/msg/detail/color__struct.hpp
[25.087s] -- Up-to-date: /ros2_ws/install/turtlesim/include/turtlesim/turtlesim/msg/detail/color__traits.hpp
[25.113s] -- Up-to-date: /ros2_ws/install/turtlesim/include/turtlesim/turtlesim/msg/detail/pose__builder.hpp
[25.202s] -- Up-to-date: /ros2_ws/install/turtlesim/include/turtlesim/turtlesim/msg/detail/pose__struct.hpp
[25.234s] -- Up-to-date: /ros2_ws/install/turtlesim/include/turtlesim/turtlesim/msg/detail/pose__traits.hpp
[25.268s] -- Up-to-date: /ros2_ws/install/turtlesim/include/turtlesim/turtlesim/msg/pose.hpp
[25.290s] -- Up-to-date: /ros2_ws/install/turtlesim/include/turtlesim/turtlesim/srv
[25.324s] -- Up-to-date: /ros2_ws/install/turtlesim/include/turtlesim/turtlesim/srv/detail
[25.363s] -- Up-to-date: /ros2_ws/install/turtlesim/include/turtlesim/turtlesim/srv/detail/kill__builder.hpp
[25.396s] -- Up-to-date: /ros2_ws/install/turtlesim/include/turtlesim/turtlesim/srv/detail/kill__struct.hpp
[25.426s] -- Up-to-date: /ros2_ws/install/turtlesim/include/turtlesim/turtlesim/srv/detail/kill__traits.hpp
[25.459s] -- Up-to-date: /ros2_ws/install/turtlesim/include/turtlesim/turtlesim/srv/detail/set_pen__builder.hpp
[25.489s] -- Up-to-date: /ros2_ws/install/turtlesim/include/turtlesim/turtlesim/srv/detail/set_pen__struct.hpp
[25.524s] -- Up-to-date: /ros2_ws/install/turtlesim/include/turtlesim/turtlesim/srv/detail/set_pen__traits.hpp
[25.556s] -- Up-to-date: /ros2_ws/install/turtlesim/include/turtlesim/turtlesim/srv/detail/spawn__builder.hpp
[25.585s] -- Up-to-date: /ros2_ws/install/turtlesim/include/turtlesim/turtlesim/srv/detail/spawn__struct.hpp
[25.617s] -- Up-to-date: /ros2_ws/install/turtlesim/include/turtlesim/turtlesim/srv/detail/spawn__traits.hpp
[25.651s] -- Up-to-date: /ros2_ws/install/turtlesim/include/turtlesim/turtlesim/srv/detail/teleport_absolute__builder.hpp
[25.686s] -- Up-to-date: /ros2_ws/install/turtlesim/include/turtlesim/turtlesim/srv/detail/teleport_absolute__struct.hpp
[25.722s] -- Up-to-date: /ros2_ws/install/turtlesim/include/turtlesim/turtlesim/srv/detail/teleport_absolute__traits.hpp
[25.754s] -- Up-to-date: /ros2_ws/install/turtlesim/include/turtlesim/turtlesim/srv/detail/teleport_relative__builder.hpp
[25.791s] -- Up-to-date: /ros2_ws/install/turtlesim/include/turtlesim/turtlesim/srv/detail/teleport_relative__struct.hpp
[25.822s] -- Up-to-date: /ros2_ws/install/turtlesim/include/turtlesim/turtlesim/srv/detail/teleport_relative__traits.hpp
[25.847s] -- Up-to-date: /ros2_ws/install/turtlesim/include/turtlesim/turtlesim/srv/kill.hpp
[25.872s] -- Up-to-date: /ros2_ws/install/turtlesim/include/turtlesim/turtlesim/srv/set_pen.hpp
[25.896s] -- Up-to-date: /ros2_ws/install/turtlesim/include/turtlesim/turtlesim/srv/spawn.hpp
[25.921s] -- Up-to-date: /ros2_ws/install/turtlesim/include/turtlesim/turtlesim/srv/teleport_absolute.hpp
[25.946s] -- Up-to-date: /ros2_ws/install/turtlesim/include/turtlesim/turtlesim/srv/teleport_relative.hpp
[25.961s] -- Up-to-date: /ros2_ws/install/turtlesim/include/turtlesim/turtlesim
[25.984s] -- Up-to-date: /ros2_ws/install/turtlesim/include/turtlesim/turtlesim/action
[26.012s] -- Up-to-date: /ros2_ws/install/turtlesim/include/turtlesim/turtlesim/action/detail
[26.044s] -- Up-to-date: /ros2_ws/install/turtlesim/include/turtlesim/turtlesim/action/detail/dds_fastrtps
[26.084s] -- Up-to-date: /ros2_ws/install/turtlesim/include/turtlesim/turtlesim/action/detail/rotate_absolute__rosidl_typesupport_fastrtps_cpp.hpp
[26.103s] -- Up-to-date: /ros2_ws/install/turtlesim/include/turtlesim/turtlesim/msg
[26.134s] -- Up-to-date: /ros2_ws/install/turtlesim/include/turtlesim/turtlesim/msg/detail
[26.171s] -- Up-to-date: /ros2_ws/install/turtlesim/include/turtlesim/turtlesim/msg/detail/color__rosidl_typesupport_fastrtps_cpp.hpp
[26.193s] -- Up-to-date: /ros2_ws/install/turtlesim/include/turtlesim/turtlesim/msg/detail/dds_fastrtps
[26.233s] -- Up-to-date: /ros2_ws/install/turtlesim/include/turtlesim/turtlesim/msg/detail/pose__rosidl_typesupport_fastrtps_cpp.hpp
[26.258s] -- Up-to-date: /ros2_ws/install/turtlesim/include/turtlesim/turtlesim/msg/rosidl_typesupport_fastrtps_cpp__visibility_control.h
[26.275s] -- Up-to-date: /ros2_ws/install/turtlesim/include/turtlesim/turtlesim/srv
[26.302s] -- Up-to-date: /ros2_ws/install/turtlesim/include/turtlesim/turtlesim/srv/detail
[26.335s] -- Up-to-date: /ros2_ws/install/turtlesim/include/turtlesim/turtlesim/srv/detail/dds_fastrtps
[26.378s] -- Up-to-date: /ros2_ws/install/turtlesim/include/turtlesim/turtlesim/srv/detail/kill__rosidl_typesupport_fastrtps_cpp.hpp
[26.408s] -- Up-to-date: /ros2_ws/install/turtlesim/include/turtlesim/turtlesim/srv/detail/set_pen__rosidl_typesupport_fastrtps_cpp.hpp
[26.438s] -- Up-to-date: /ros2_ws/install/turtlesim/include/turtlesim/turtlesim/srv/detail/spawn__rosidl_typesupport_fastrtps_cpp.hpp
[26.472s] -- Up-to-date: /ros2_ws/install/turtlesim/include/turtlesim/turtlesim/srv/detail/teleport_absolute__rosidl_typesupport_fastrtps_cpp.hpp
[26.549s] -- Up-to-date: /ros2_ws/install/turtlesim/include/turtlesim/turtlesim/srv/detail/teleport_relative__rosidl_typesupport_fastrtps_cpp.hpp
[26.611s] -- Up-to-date: /ros2_ws/install/turtlesim/lib/libturtlesim__rosidl_typesupport_fastrtps_cpp.so
[26.662s] -- Up-to-date: /ros2_ws/install/turtlesim/include/turtlesim/turtlesim
[26.693s] -- Up-to-date: /ros2_ws/install/turtlesim/include/turtlesim/turtlesim/action
[26.724s] -- Up-to-date: /ros2_ws/install/turtlesim/include/turtlesim/turtlesim/action/detail
[26.827s] -- Up-to-date: /ros2_ws/install/turtlesim/include/turtlesim/turtlesim/action/detail/rotate_absolute__rosidl_typesupport_introspection_c.h
[26.860s] -- Up-to-date: /ros2_ws/install/turtlesim/include/turtlesim/turtlesim/action/detail/rotate_absolute__type_support.c
[26.885s] -- Up-to-date: /ros2_ws/install/turtlesim/include/turtlesim/turtlesim/msg
[26.919s] -- Up-to-date: /ros2_ws/install/turtlesim/include/turtlesim/turtlesim/msg/detail
[26.965s] -- Up-to-date: /ros2_ws/install/turtlesim/include/turtlesim/turtlesim/msg/detail/color__rosidl_typesupport_introspection_c.h
[27.002s] -- Up-to-date: /ros2_ws/install/turtlesim/include/turtlesim/turtlesim/msg/detail/color__type_support.c
[27.050s] -- Up-to-date: /ros2_ws/install/turtlesim/include/turtlesim/turtlesim/msg/detail/pose__rosidl_typesupport_introspection_c.h
[27.105s] -- Up-to-date: /ros2_ws/install/turtlesim/include/turtlesim/turtlesim/msg/detail/pose__type_support.c
[27.146s] -- Up-to-date: /ros2_ws/install/turtlesim/include/turtlesim/turtlesim/msg/rosidl_typesupport_introspection_c__visibility_control.h
[27.166s] -- Up-to-date: /ros2_ws/install/turtlesim/include/turtlesim/turtlesim/srv
[27.195s] -- Up-to-date: /ros2_ws/install/turtlesim/include/turtlesim/turtlesim/srv/detail
[27.232s] -- Up-to-date: /ros2_ws/install/turtlesim/include/turtlesim/turtlesim/srv/detail/kill__rosidl_typesupport_introspection_c.h
[27.262s] -- Up-to-date: /ros2_ws/install/turtlesim/include/turtlesim/turtlesim/srv/detail/kill__type_support.c
[27.294s] -- Up-to-date: /ros2_ws/install/turtlesim/include/turtlesim/turtlesim/srv/detail/set_pen__rosidl_typesupport_introspection_c.h
[27.329s] -- Up-to-date: /ros2_ws/install/turtlesim/include/turtlesim/turtlesim/srv/detail/set_pen__type_support.c
[27.360s] -- Up-to-date: /ros2_ws/install/turtlesim/include/turtlesim/turtlesim/srv/detail/spawn__rosidl_typesupport_introspection_c.h
[27.393s] -- Up-to-date: /ros2_ws/install/turtlesim/include/turtlesim/turtlesim/srv/detail/spawn__type_support.c
[27.435s] -- Up-to-date: /ros2_ws/install/turtlesim/include/turtlesim/turtlesim/srv/detail/teleport_absolute__rosidl_typesupport_introspection_c.h
[27.466s] -- Up-to-date: /ros2_ws/install/turtlesim/include/turtlesim/turtlesim/srv/detail/teleport_absolute__type_support.c
[27.499s] -- Up-to-date: /ros2_ws/install/turtlesim/include/turtlesim/turtlesim/srv/detail/teleport_relative__rosidl_typesupport_introspection_c.h
[27.532s] -- Up-to-date: /ros2_ws/install/turtlesim/include/turtlesim/turtlesim/srv/detail/teleport_relative__type_support.c
[27.589s] -- Up-to-date: /ros2_ws/install/turtlesim/lib/libturtlesim__rosidl_typesupport_introspection_c.so
[27.660s] -- Up-to-date: /ros2_ws/install/turtlesim/lib/libturtlesim__rosidl_typesupport_c.so
[27.703s] -- Up-to-date: /ros2_ws/install/turtlesim/include/turtlesim/turtlesim
[27.725s] -- Up-to-date: /ros2_ws/install/turtlesim/include/turtlesim/turtlesim/action
[27.752s] -- Up-to-date: /ros2_ws/install/turtlesim/include/turtlesim/turtlesim/action/detail
[27.791s] -- Up-to-date: /ros2_ws/install/turtlesim/include/turtlesim/turtlesim/action/detail/rotate_absolute__rosidl_typesupport_introspection_cpp.hpp
[27.818s] -- Up-to-date: /ros2_ws/install/turtlesim/include/turtlesim/turtlesim/action/detail/rotate_absolute__type_support.cpp
[27.836s] -- Up-to-date: /ros2_ws/install/turtlesim/include/turtlesim/turtlesim/msg
[27.919s] -- Up-to-date: /ros2_ws/install/turtlesim/include/turtlesim/turtlesim/msg/detail
[27.962s] -- Up-to-date: /ros2_ws/install/turtlesim/include/turtlesim/turtlesim/msg/detail/color__rosidl_typesupport_introspection_cpp.hpp
[27.998s] -- Up-to-date: /ros2_ws/install/turtlesim/include/turtlesim/turtlesim/msg/detail/color__type_support.cpp
[28.036s] -- Up-to-date: /ros2_ws/install/turtlesim/include/turtlesim/turtlesim/msg/detail/pose__rosidl_typesupport_introspection_cpp.hpp
[28.069s] -- Up-to-date: /ros2_ws/install/turtlesim/include/turtlesim/turtlesim/msg/detail/pose__type_support.cpp
[28.092s] -- Up-to-date: /ros2_ws/install/turtlesim/include/turtlesim/turtlesim/srv
[28.128s] -- Up-to-date: /ros2_ws/install/turtlesim/include/turtlesim/turtlesim/srv/detail
[28.172s] -- Up-to-date: /ros2_ws/install/turtlesim/include/turtlesim/turtlesim/srv/detail/kill__rosidl_typesupport_introspection_cpp.hpp
[28.202s] -- Up-to-date: /ros2_ws/install/turtlesim/include/turtlesim/turtlesim/srv/detail/kill__type_support.cpp
[28.239s] -- Up-to-date: /ros2_ws/install/turtlesim/include/turtlesim/turtlesim/srv/detail/set_pen__rosidl_typesupport_introspection_cpp.hpp
[28.273s] -- Up-to-date: /ros2_ws/install/turtlesim/include/turtlesim/turtlesim/srv/detail/set_pen__type_support.cpp
[28.306s] -- Up-to-date: /ros2_ws/install/turtlesim/include/turtlesim/turtlesim/srv/detail/spawn__rosidl_typesupport_introspection_cpp.hpp
[28.339s] -- Up-to-date: /ros2_ws/install/turtlesim/include/turtlesim/turtlesim/srv/detail/spawn__type_support.cpp
[28.372s] -- Up-to-date: /ros2_ws/install/turtlesim/include/turtlesim/turtlesim/srv/detail/teleport_absolute__rosidl_typesupport_introspection_cpp.hpp
[28.404s] -- Up-to-date: /ros2_ws/install/turtlesim/include/turtlesim/turtlesim/srv/detail/teleport_absolute__type_support.cpp
[28.435s] -- Up-to-date: /ros2_ws/install/turtlesim/include/turtlesim/turtlesim/srv/detail/teleport_relative__rosidl_typesupport_introspection_cpp.hpp
[28.464s] -- Up-to-date: /ros2_ws/install/turtlesim/include/turtlesim/turtlesim/srv/detail/teleport_relative__type_support.cpp
[28.517s] -- Up-to-date: /ros2_ws/install/turtlesim/lib/libturtlesim__rosidl_typesupport_introspection_cpp.so
[28.600s] -- Up-to-date: /ros2_ws/install/turtlesim/lib/libturtlesim__rosidl_typesupport_cpp.so
[28.649s] -- Up-to-date: /ros2_ws/install/turtlesim/share/turtlesim/environment/pythonpath.sh
[28.674s] -- Up-to-date: /ros2_ws/install/turtlesim/share/turtlesim/environment/pythonpath.dsv
[28.696s] -- Up-to-date: /ros2_ws/install/turtlesim/local/lib/python3.10/dist-packages/turtlesim-1.4.2-py3.10.egg-info
[28.737s] -- Installing: /ros2_ws/install/turtlesim/local/lib/python3.10/dist-packages/turtlesim-1.4.2-py3.10.egg-info/dependency_links.txt
[28.850s] -- Installing: /ros2_ws/install/turtlesim/local/lib/python3.10/dist-packages/turtlesim-1.4.2-py3.10.egg-info/PKG-INFO
[28.981s] -- Installing: /ros2_ws/install/turtlesim/local/lib/python3.10/dist-packages/turtlesim-1.4.2-py3.10.egg-info/SOURCES.txt
[29.101s] -- Installing: /ros2_ws/install/turtlesim/local/lib/python3.10/dist-packages/turtlesim-1.4.2-py3.10.egg-info/top_level.txt
[29.200s] -- Up-to-date: /ros2_ws/install/turtlesim/local/lib/python3.10/dist-packages/turtlesim
[29.280s] -- Up-to-date: /ros2_ws/install/turtlesim/local/lib/python3.10/dist-packages/turtlesim/action
[29.322s] -- Up-to-date: /ros2_ws/install/turtlesim/local/lib/python3.10/dist-packages/turtlesim/action/_rotate_absolute.py
[29.358s] -- Up-to-date: /ros2_ws/install/turtlesim/local/lib/python3.10/dist-packages/turtlesim/action/_rotate_absolute_s.c
[29.385s] -- Up-to-date: /ros2_ws/install/turtlesim/local/lib/python3.10/dist-packages/turtlesim/action/__init__.py
[29.410s] -- Up-to-date: /ros2_ws/install/turtlesim/local/lib/python3.10/dist-packages/turtlesim/libturtlesim__rosidl_generator_py.so
[29.433s] -- Up-to-date: /ros2_ws/install/turtlesim/local/lib/python3.10/dist-packages/turtlesim/msg
[29.477s] -- Up-to-date: /ros2_ws/install/turtlesim/local/lib/python3.10/dist-packages/turtlesim/msg/_color.py
[29.508s] -- Up-to-date: /ros2_ws/install/turtlesim/local/lib/python3.10/dist-packages/turtlesim/msg/_color_s.c
[29.541s] -- Up-to-date: /ros2_ws/install/turtlesim/local/lib/python3.10/dist-packages/turtlesim/msg/_pose.py
[29.571s] -- Up-to-date: /ros2_ws/install/turtlesim/local/lib/python3.10/dist-packages/turtlesim/msg/_pose_s.c
[29.603s] -- Up-to-date: /ros2_ws/install/turtlesim/local/lib/python3.10/dist-packages/turtlesim/msg/__init__.py
[29.625s] -- Up-to-date: /ros2_ws/install/turtlesim/local/lib/python3.10/dist-packages/turtlesim/srv
[29.669s] -- Up-to-date: /ros2_ws/install/turtlesim/local/lib/python3.10/dist-packages/turtlesim/srv/_kill.py
[29.707s] -- Up-to-date: /ros2_ws/install/turtlesim/local/lib/python3.10/dist-packages/turtlesim/srv/_kill_s.c
[29.748s] -- Up-to-date: /ros2_ws/install/turtlesim/local/lib/python3.10/dist-packages/turtlesim/srv/_set_pen.py
[29.785s] -- Up-to-date: /ros2_ws/install/turtlesim/local/lib/python3.10/dist-packages/turtlesim/srv/_set_pen_s.c
[29.824s] -- Up-to-date: /ros2_ws/install/turtlesim/local/lib/python3.10/dist-packages/turtlesim/srv/_spawn.py
[29.854s] -- Up-to-date: /ros2_ws/install/turtlesim/local/lib/python3.10/dist-packages/turtlesim/srv/_spawn_s.c
[29.882s] -- Up-to-date: /ros2_ws/install/turtlesim/local/lib/python3.10/dist-packages/turtlesim/srv/_teleport_absolute.py
[29.910s] -- Up-to-date: /ros2_ws/install/turtlesim/local/lib/python3.10/dist-packages/turtlesim/srv/_teleport_absolute_s.c
[29.936s] -- Up-to-date: /ros2_ws/install/turtlesim/local/lib/python3.10/dist-packages/turtlesim/srv/_teleport_relative.py
[29.963s] -- Up-to-date: /ros2_ws/install/turtlesim/local/lib/python3.10/dist-packages/turtlesim/srv/_teleport_relative_s.c
[30.002s] -- Up-to-date: /ros2_ws/install/turtlesim/local/lib/python3.10/dist-packages/turtlesim/srv/__init__.py
[30.040s] -- Up-to-date: /ros2_ws/install/turtlesim/local/lib/python3.10/dist-packages/turtlesim/turtlesim_s__rosidl_typesupport_c.cpython-310-x86_64-linux-gnu.so
[30.085s] -- Up-to-date: /ros2_ws/install/turtlesim/local/lib/python3.10/dist-packages/turtlesim/turtlesim_s__rosidl_typesupport_fastrtps_c.cpython-310-x86_64-linux-gnu.so
[30.114s] -- Up-to-date: /ros2_ws/install/turtlesim/local/lib/python3.10/dist-packages/turtlesim/turtlesim_s__rosidl_typesupport_introspection_c.cpython-310-x86_64-linux-gnu.so
[30.142s] -- Up-to-date: /ros2_ws/install/turtlesim/local/lib/python3.10/dist-packages/turtlesim/_turtlesim_s.ep.rosidl_typesupport_c.c
[30.169s] -- Up-to-date: /ros2_ws/install/turtlesim/local/lib/python3.10/dist-packages/turtlesim/_turtlesim_s.ep.rosidl_typesupport_fastrtps_c.c
[30.191s] -- Up-to-date: /ros2_ws/install/turtlesim/local/lib/python3.10/dist-packages/turtlesim/_turtlesim_s.ep.rosidl_typesupport_introspection_c.c
[30.220s] -- Up-to-date: /ros2_ws/install/turtlesim/local/lib/python3.10/dist-packages/turtlesim/__init__.py
[31.094s] Listing '/ros2_ws/install/turtlesim/local/lib/python3.10/dist-packages/turtlesim'...
[31.095s] Listing '/ros2_ws/install/turtlesim/local/lib/python3.10/dist-packages/turtlesim/action'...
[31.097s] Listing '/ros2_ws/install/turtlesim/local/lib/python3.10/dist-packages/turtlesim/msg'...
[31.098s] Listing '/ros2_ws/install/turtlesim/local/lib/python3.10/dist-packages/turtlesim/srv'...
[31.175s] -- Up-to-date: /ros2_ws/install/turtlesim/local/lib/python3.10/dist-packages/turtlesim/turtlesim_s__rosidl_typesupport_fastrtps_c.cpython-310-x86_64-linux-gnu.so
[31.301s] -- Up-to-date: /ros2_ws/install/turtlesim/local/lib/python3.10/dist-packages/turtlesim/turtlesim_s__rosidl_typesupport_introspection_c.cpython-310-x86_64-linux-gnu.so
[31.422s] -- Up-to-date: /ros2_ws/install/turtlesim/local/lib/python3.10/dist-packages/turtlesim/turtlesim_s__rosidl_typesupport_c.cpython-310-x86_64-linux-gnu.so
[31.538s] -- Up-to-date: /ros2_ws/install/turtlesim/lib/libturtlesim__rosidl_generator_py.so
[31.609s] -- Up-to-date: /ros2_ws/install/turtlesim/share/turtlesim/action/RotateAbsolute.idl
[31.643s] -- Up-to-date: /ros2_ws/install/turtlesim/share/turtlesim/msg/Color.idl
[31.673s] -- Up-to-date: /ros2_ws/install/turtlesim/share/turtlesim/msg/Pose.idl
[31.700s] -- Up-to-date: /ros2_ws/install/turtlesim/share/turtlesim/srv/Kill.idl
[31.735s] -- Up-to-date: /ros2_ws/install/turtlesim/share/turtlesim/srv/SetPen.idl
[31.773s] -- Up-to-date: /ros2_ws/install/turtlesim/share/turtlesim/srv/Spawn.idl
[31.807s] -- Up-to-date: /ros2_ws/install/turtlesim/share/turtlesim/srv/TeleportAbsolute.idl
[31.840s] -- Up-to-date: /ros2_ws/install/turtlesim/share/turtlesim/srv/TeleportRelative.idl
[31.878s] -- Up-to-date: /ros2_ws/install/turtlesim/share/turtlesim/action/RotateAbsolute.action
[31.917s] -- Up-to-date: /ros2_ws/install/turtlesim/share/turtlesim/msg/Color.msg
[31.990s] -- Up-to-date: /ros2_ws/install/turtlesim/share/turtlesim/msg/Pose.msg
[32.027s] -- Up-to-date: /ros2_ws/install/turtlesim/share/turtlesim/srv/Kill.srv
[32.059s] -- Up-to-date: /ros2_ws/install/turtlesim/share/turtlesim/srv/Kill_Request.msg
[32.093s] -- Up-to-date: /ros2_ws/install/turtlesim/share/turtlesim/srv/Kill_Response.msg
[32.129s] -- Up-to-date: /ros2_ws/install/turtlesim/share/turtlesim/srv/SetPen.srv
[32.162s] -- Up-to-date: /ros2_ws/install/turtlesim/share/turtlesim/srv/SetPen_Request.msg
[32.197s] -- Up-to-date: /ros2_ws/install/turtlesim/share/turtlesim/srv/SetPen_Response.msg
[32.237s] -- Up-to-date: /ros2_ws/install/turtlesim/share/turtlesim/srv/Spawn.srv
[32.277s] -- Up-to-date: /ros2_ws/install/turtlesim/share/turtlesim/srv/Spawn_Request.msg
[32.320s] -- Up-to-date: /ros2_ws/install/turtlesim/share/turtlesim/srv/Spawn_Response.msg
[32.354s] -- Up-to-date: /ros2_ws/install/turtlesim/share/turtlesim/srv/TeleportAbsolute.srv
[32.378s] -- Up-to-date: /ros2_ws/install/turtlesim/share/turtlesim/srv/TeleportAbsolute_Request.msg
[32.408s] -- Up-to-date: /ros2_ws/install/turtlesim/share/turtlesim/srv/TeleportAbsolute_Response.msg
[32.437s] -- Up-to-date: /ros2_ws/install/turtlesim/share/turtlesim/srv/TeleportRelative.srv
[32.462s] -- Up-to-date: /ros2_ws/install/turtlesim/share/turtlesim/srv/TeleportRelative_Request.msg
[32.493s] -- Up-to-date: /ros2_ws/install/turtlesim/share/turtlesim/srv/TeleportRelative_Response.msg
[32.550s] -- Up-to-date: /ros2_ws/install/turtlesim/lib/turtlesim/turtlesim_node
[32.662s] -- Up-to-date: /ros2_ws/install/turtlesim/lib/turtlesim/turtle_teleop_key
[32.789s] -- Up-to-date: /ros2_ws/install/turtlesim/lib/turtlesim/draw_square
[32.892s] -- Up-to-date: /ros2_ws/install/turtlesim/lib/turtlesim/mimic
[32.958s] -- Up-to-date: /ros2_ws/install/turtlesim/share/turtlesim/images
[33.004s] -- Up-to-date: /ros2_ws/install/turtlesim/share/turtlesim/images/ardent.png
[33.033s] -- Up-to-date: /ros2_ws/install/turtlesim/share/turtlesim/images/bouncy.png
[33.073s] -- Up-to-date: /ros2_ws/install/turtlesim/share/turtlesim/images/crystal.png
[33.125s] -- Up-to-date: /ros2_ws/install/turtlesim/share/turtlesim/images/dashing.png
[33.163s] -- Up-to-date: /ros2_ws/install/turtlesim/share/turtlesim/images/eloquent.png
[33.198s] -- Up-to-date: /ros2_ws/install/turtlesim/share/turtlesim/images/foxy.png
[33.237s] -- Up-to-date: /ros2_ws/install/turtlesim/share/turtlesim/images/galactic.png
[33.277s] -- Up-to-date: /ros2_ws/install/turtlesim/share/turtlesim/images/humble.png
[33.363s] -- Up-to-date: /ros2_ws/install/turtlesim/share/turtlesim/images/rolling.png
[33.382s] -- Up-to-date: /ros2_ws/install/turtlesim/share/turtlesim/launch
[33.416s] -- Up-to-date: /ros2_ws/install/turtlesim/share/turtlesim/launch/multisim.launch.py
[33.459s] -- Up-to-date: /ros2_ws/install/turtlesim/share/ament_index/resource_index/package_run_dependencies/turtlesim
[33.500s] -- Up-to-date: /ros2_ws/install/turtlesim/share/ament_index/resource_index/parent_prefix_path/turtlesim
[33.521s] -- Up-to-date: /ros2_ws/install/turtlesim/share/turtlesim/environment/ament_prefix_path.sh
[33.548s] -- Up-to-date: /ros2_ws/install/turtlesim/share/turtlesim/environment/ament_prefix_path.dsv
[33.568s] -- Up-to-date: /ros2_ws/install/turtlesim/share/turtlesim/environment/path.sh
[33.598s] -- Up-to-date: /ros2_ws/install/turtlesim/share/turtlesim/environment/path.dsv
[33.619s] -- Up-to-date: /ros2_ws/install/turtlesim/share/turtlesim/local_setup.bash
[33.639s] -- Up-to-date: /ros2_ws/install/turtlesim/share/turtlesim/local_setup.sh
[33.658s] -- Up-to-date: /ros2_ws/install/turtlesim/share/turtlesim/local_setup.zsh
[33.685s] -- Up-to-date: /ros2_ws/install/turtlesim/share/turtlesim/local_setup.dsv
[33.706s] -- Installing: /ros2_ws/install/turtlesim/share/turtlesim/package.dsv
[33.793s] -- Up-to-date: /ros2_ws/install/turtlesim/share/ament_index/resource_index/packages/turtlesim
[33.858s] -- Up-to-date: /ros2_ws/install/turtlesim/share/turtlesim/cmake/export_turtlesim__rosidl_generator_cExport.cmake
[33.897s] -- Up-to-date: /ros2_ws/install/turtlesim/share/turtlesim/cmake/export_turtlesim__rosidl_generator_cExport-noconfig.cmake
[33.957s] -- Up-to-date: /ros2_ws/install/turtlesim/share/turtlesim/cmake/export_turtlesim__rosidl_typesupport_fastrtps_cExport.cmake
[33.992s] -- Up-to-date: /ros2_ws/install/turtlesim/share/turtlesim/cmake/export_turtlesim__rosidl_typesupport_fastrtps_cExport-noconfig.cmake
[34.043s] -- Up-to-date: /ros2_ws/install/turtlesim/share/turtlesim/cmake/export_turtlesim__rosidl_generator_cppExport.cmake
[34.092s] -- Up-to-date: /ros2_ws/install/turtlesim/share/turtlesim/cmake/export_turtlesim__rosidl_typesupport_fastrtps_cppExport.cmake
[34.124s] -- Up-to-date: /ros2_ws/install/turtlesim/share/turtlesim/cmake/export_turtlesim__rosidl_typesupport_fastrtps_cppExport-noconfig.cmake
[34.174s] -- Up-to-date: /ros2_ws/install/turtlesim/share/turtlesim/cmake/turtlesim__rosidl_typesupport_introspection_cExport.cmake
[34.206s] -- Up-to-date: /ros2_ws/install/turtlesim/share/turtlesim/cmake/turtlesim__rosidl_typesupport_introspection_cExport-noconfig.cmake
[34.254s] -- Up-to-date: /ros2_ws/install/turtlesim/share/turtlesim/cmake/turtlesim__rosidl_typesupport_cExport.cmake
[34.284s] -- Up-to-date: /ros2_ws/install/turtlesim/share/turtlesim/cmake/turtlesim__rosidl_typesupport_cExport-noconfig.cmake
[34.334s] -- Up-to-date: /ros2_ws/install/turtlesim/share/turtlesim/cmake/turtlesim__rosidl_typesupport_introspection_cppExport.cmake
[34.366s] -- Up-to-date: /ros2_ws/install/turtlesim/share/turtlesim/cmake/turtlesim__rosidl_typesupport_introspection_cppExport-noconfig.cmake
[34.416s] -- Up-to-date: /ros2_ws/install/turtlesim/share/turtlesim/cmake/turtlesim__rosidl_typesupport_cppExport.cmake
[34.449s] -- Up-to-date: /ros2_ws/install/turtlesim/share/turtlesim/cmake/turtlesim__rosidl_typesupport_cppExport-noconfig.cmake
[34.497s] -- Up-to-date: /ros2_ws/install/turtlesim/share/turtlesim/cmake/export_turtlesim__rosidl_generator_pyExport.cmake
[34.532s] -- Up-to-date: /ros2_ws/install/turtlesim/share/turtlesim/cmake/export_turtlesim__rosidl_generator_pyExport-noconfig.cmake
[34.554s] -- Up-to-date: /ros2_ws/install/turtlesim/share/turtlesim/cmake/rosidl_cmake-extras.cmake
[34.576s] -- Up-to-date: /ros2_ws/install/turtlesim/share/turtlesim/cmake/ament_cmake_export_dependencies-extras.cmake
[34.600s] -- Up-to-date: /ros2_ws/install/turtlesim/share/turtlesim/cmake/ament_cmake_export_include_directories-extras.cmake
[34.623s] -- Up-to-date: /ros2_ws/install/turtlesim/share/turtlesim/cmake/ament_cmake_export_libraries-extras.cmake
[34.647s] -- Up-to-date: /ros2_ws/install/turtlesim/share/turtlesim/cmake/ament_cmake_export_targets-extras.cmake
[34.669s] -- Up-to-date: /ros2_ws/install/turtlesim/share/turtlesim/cmake/rosidl_cmake_export_typesupport_targets-extras.cmake
[34.691s] -- Up-to-date: /ros2_ws/install/turtlesim/share/turtlesim/cmake/rosidl_cmake_export_typesupport_libraries-extras.cmake
[34.713s] -- Up-to-date: /ros2_ws/install/turtlesim/share/turtlesim/cmake/turtlesimConfig.cmake
[34.730s] -- Up-to-date: /ros2_ws/install/turtlesim/share/turtlesim/cmake/turtlesimConfig-version.cmake
[34.756s] -- Up-to-date: /ros2_ws/install/turtlesim/share/turtlesim/package.xml
[34.831s] Invoked command in '/ros2_ws/build/turtlesim' returned '0': CMAKE_PREFIX_PATH=${CMAKE_PREFIX_PATH}:/opt/ros/humble /usr/bin/cmake --install /ros2_ws/build/turtlesim
